rank 0 opening /pscratch/sd/p/pghysels/nstxu_180degree_antenna_phasing_write_matrix_order3/matrix.000000
rank 32 opening /pscratch/sd/p/pghysels/nstxu_180degree_antenna_phasing_write_matrix_order3/matrix.000032
rank 24 opening /pscratch/sd/p/pghysels/nstxu_180degree_antenna_phasing_write_matrix_order3/matrix.000024
rank 72 opening /pscratch/sd/p/pghysels/nstxu_180degree_antenna_phasing_write_matrix_order3/matrix.000072
rank 44 opening /pscratch/sd/p/pghysels/nstxu_180degree_antenna_phasing_write_matrix_order3/matrix.000044
rank 76 opening /pscratch/sd/p/pghysels/nstxu_180degree_antenna_phasing_write_matrix_order3/matrix.000076
rank 64 opening /pscratch/sd/p/pghysels/nstxu_180degree_antenna_phasing_write_matrix_order3/matrix.000064
rank 20 opening /pscratch/sd/p/pghysels/nstxu_180degree_antenna_phasing_write_matrix_order3/matrix.000020
rank 84 opening /pscratch/sd/p/pghysels/nstxu_180degree_antenna_phasing_write_matrix_order3/matrix.000084
rank 88 opening /pscratch/sd/p/pghysels/nstxu_180degree_antenna_phasing_write_matrix_order3/matrix.000088
rank 124 opening /pscratch/sd/p/pghysels/nstxu_180degree_antenna_phasing_write_matrix_order3/matrix.000124
rank 8 opening /pscratch/sd/p/pghysels/nstxu_180degree_antenna_phasing_write_matrix_order3/matrix.000008
rank 12 opening /pscratch/sd/p/pghysels/nstxu_180degree_antenna_phasing_write_matrix_order3/matrix.000012
rank 108 opening /pscratch/sd/p/pghysels/nstxu_180degree_antenna_phasing_write_matrix_order3/matrix.000108
rank 48 opening /pscratch/sd/p/pghysels/nstxu_180degree_antenna_phasing_write_matrix_order3/matrix.000048
rank 60 opening /pscratch/sd/p/pghysels/nstxu_180degree_antenna_phasing_write_matrix_order3/matrix.000060
rank 112 opening /pscratch/sd/p/pghysels/nstxu_180degree_antenna_phasing_write_matrix_order3/matrix.000112
rank 1 opening /pscratch/sd/p/pghysels/nstxu_180degree_antenna_phasing_write_matrix_order3/matrix.000001
rank 34 opening /pscratch/sd/p/pghysels/nstxu_180degree_antenna_phasing_write_matrix_order3/matrix.000034
rank 27 opening /pscratch/sd/p/pghysels/nstxu_180degree_antenna_phasing_write_matrix_order3/matrix.000027
rank 73 opening /pscratch/sd/p/pghysels/nstxu_180degree_antenna_phasing_write_matrix_order3/matrix.000073
rank 92 opening /pscratch/sd/p/pghysels/nstxu_180degree_antenna_phasing_write_matrix_order3/matrix.000092
rank 40 opening /pscratch/sd/p/pghysels/nstxu_180degree_antenna_phasing_write_matrix_order3/matrix.000040
rank 45 opening /pscratch/sd/p/pghysels/nstxu_180degree_antenna_phasing_write_matrix_order3/matrix.000045
rank 77 opening /pscratch/sd/p/pghysels/nstxu_180degree_antenna_phasing_write_matrix_order3/matrix.000077
rank 80 opening /pscratch/sd/p/pghysels/nstxu_180degree_antenna_phasing_write_matrix_order3/matrix.000080
rank 28 opening /pscratch/sd/p/pghysels/nstxu_180degree_antenna_phasing_write_matrix_order3/matrix.000028
rank 66 opening /pscratch/sd/p/pghysels/nstxu_180degree_antenna_phasing_write_matrix_order3/matrix.000066
rank 21 opening /pscratch/sd/p/pghysels/nstxu_180degree_antenna_phasing_write_matrix_order3/matrix.000021
rank 85 opening /pscratch/sd/p/pghysels/nstxu_180degree_antenna_phasing_write_matrix_order3/matrix.000085
rank 89 opening /pscratch/sd/p/pghysels/nstxu_180degree_antenna_phasing_write_matrix_order3/matrix.000089
rank 16 opening /pscratch/sd/p/pghysels/nstxu_180degree_antenna_phasing_write_matrix_order3/matrix.000016
rank 125 opening /pscratch/sd/p/pghysels/nstxu_180degree_antenna_phasing_write_matrix_order3/matrix.000125
rank 120 opening /pscratch/sd/p/pghysels/nstxu_180degree_antenna_phasing_write_matrix_order3/matrix.000120
rank 96 opening /pscratch/sd/p/pghysels/nstxu_180degree_antenna_phasing_write_matrix_order3/matrix.000096
rank 4 opening /pscratch/sd/p/pghysels/nstxu_180degree_antenna_phasing_write_matrix_order3/matrix.000004
rank 52 opening /pscratch/sd/p/pghysels/nstxu_180degree_antenna_phasing_write_matrix_order3/matrix.000052
rank 68 opening /pscratch/sd/p/pghysels/nstxu_180degree_antenna_phasing_write_matrix_order3/matrix.000068
rank 100 opening /pscratch/sd/p/pghysels/nstxu_180degree_antenna_phasing_write_matrix_order3/matrix.000100
rank 9 opening /pscratch/sd/p/pghysels/nstxu_180degree_antenna_phasing_write_matrix_order3/matrix.000009
rank 36 opening /pscratch/sd/p/pghysels/nstxu_180degree_antenna_phasing_write_matrix_order3/matrix.000036
rank 13 opening /pscratch/sd/p/pghysels/nstxu_180degree_antenna_phasing_write_matrix_order3/matrix.000013
rank 109 opening /pscratch/sd/p/pghysels/nstxu_180degree_antenna_phasing_write_matrix_order3/matrix.000109
rank 49 opening /pscratch/sd/p/pghysels/nstxu_180degree_antenna_phasing_write_matrix_order3/matrix.000049
rank 62 opening /pscratch/sd/p/pghysels/nstxu_180degree_antenna_phasing_write_matrix_order3/matrix.000062
rank 56 opening /pscratch/sd/p/pghysels/nstxu_180degree_antenna_phasing_write_matrix_order3/matrix.000056
rank 104 opening /pscratch/sd/p/pghysels/nstxu_180degree_antenna_phasing_write_matrix_order3/matrix.000104
rank 2 opening /pscratch/sd/p/pghysels/nstxu_180degree_antenna_phasing_write_matrix_order3/matrix.000002
rank 35 opening /pscratch/sd/p/pghysels/nstxu_180degree_antenna_phasing_write_matrix_order3/matrix.000035
rank 25 opening /pscratch/sd/p/pghysels/nstxu_180degree_antenna_phasing_write_matrix_order3/matrix.000025
rank 74 opening /pscratch/sd/p/pghysels/nstxu_180degree_antenna_phasing_write_matrix_order3/matrix.000074
rank 93 opening /pscratch/sd/p/pghysels/nstxu_180degree_antenna_phasing_write_matrix_order3/matrix.000093
rank 41 opening /pscratch/sd/p/pghysels/nstxu_180degree_antenna_phasing_write_matrix_order3/matrix.000041
rank 46 opening /pscratch/sd/p/pghysels/nstxu_180degree_antenna_phasing_write_matrix_order3/matrix.000046
rank 78 opening /pscratch/sd/p/pghysels/nstxu_180degree_antenna_phasing_write_matrix_order3/matrix.000078
rank 81 opening /pscratch/sd/p/pghysels/nstxu_180degree_antenna_phasing_write_matrix_order3/matrix.000081
rank 29 opening /pscratch/sd/p/pghysels/nstxu_180degree_antenna_phasing_write_matrix_order3/matrix.000029
rank 67 opening /pscratch/sd/p/pghysels/nstxu_180degree_antenna_phasing_write_matrix_order3/matrix.000067
rank 23 opening /pscratch/sd/p/pghysels/nstxu_180degree_antenna_phasing_write_matrix_order3/matrix.000023
rank 87 opening /pscratch/sd/p/pghysels/nstxu_180degree_antenna_phasing_write_matrix_order3/matrix.000087
rank 90 opening /pscratch/sd/p/pghysels/nstxu_180degree_antenna_phasing_write_matrix_order3/matrix.000090
rank 17 opening /pscratch/sd/p/pghysels/nstxu_180degree_antenna_phasing_write_matrix_order3/matrix.000017
rank 126 opening /pscratch/sd/p/pghysels/nstxu_180degree_antenna_phasing_write_matrix_order3/matrix.000126
rank 121 opening /pscratch/sd/p/pghysels/nstxu_180degree_antenna_phasing_write_matrix_order3/matrix.000121
rank 97 opening /pscratch/sd/p/pghysels/nstxu_180degree_antenna_phasing_write_matrix_order3/matrix.000097
rank 5 opening /pscratch/sd/p/pghysels/nstxu_180degree_antenna_phasing_write_matrix_order3/matrix.000005
rank 53 opening /pscratch/sd/p/pghysels/nstxu_180degree_antenna_phasing_write_matrix_order3/matrix.000053
rank 69 opening /pscratch/sd/p/pghysels/nstxu_180degree_antenna_phasing_write_matrix_order3/matrix.000069
rank 102 opening /pscratch/sd/p/pghysels/nstxu_180degree_antenna_phasing_write_matrix_order3/matrix.000102
rank 11 opening /pscratch/sd/p/pghysels/nstxu_180degree_antenna_phasing_write_matrix_order3/matrix.000011
rank 116 opening /pscratch/sd/p/pghysels/nstxu_180degree_antenna_phasing_write_matrix_order3/matrix.000116
rank 37 opening /pscratch/sd/p/pghysels/nstxu_180degree_antenna_phasing_write_matrix_order3/matrix.000037
rank 14 opening /pscratch/sd/p/pghysels/nstxu_180degree_antenna_phasing_write_matrix_order3/matrix.000014
rank 110 opening /pscratch/sd/p/pghysels/nstxu_180degree_antenna_phasing_write_matrix_order3/matrix.000110
rank 50 opening /pscratch/sd/p/pghysels/nstxu_180degree_antenna_phasing_write_matrix_order3/matrix.000050
rank 61 opening /pscratch/sd/p/pghysels/nstxu_180degree_antenna_phasing_write_matrix_order3/matrix.000061
rank 57 opening /pscratch/sd/p/pghysels/nstxu_180degree_antenna_phasing_write_matrix_order3/matrix.000057
rank 113 opening /pscratch/sd/p/pghysels/nstxu_180degree_antenna_phasing_write_matrix_order3/matrix.000113
rank 105 opening /pscratch/sd/p/pghysels/nstxu_180degree_antenna_phasing_write_matrix_order3/matrix.000105
rank 3 opening /pscratch/sd/p/pghysels/nstxu_180degree_antenna_phasing_write_matrix_order3/matrix.000003
rank 33 opening /pscratch/sd/p/pghysels/nstxu_180degree_antenna_phasing_write_matrix_order3/matrix.000033
rank 26 opening /pscratch/sd/p/pghysels/nstxu_180degree_antenna_phasing_write_matrix_order3/matrix.000026
rank 75 opening /pscratch/sd/p/pghysels/nstxu_180degree_antenna_phasing_write_matrix_order3/matrix.000075
rank 94 opening /pscratch/sd/p/pghysels/nstxu_180degree_antenna_phasing_write_matrix_order3/matrix.000094
rank 42 opening /pscratch/sd/p/pghysels/nstxu_180degree_antenna_phasing_write_matrix_order3/matrix.000042
rank 47 opening /pscratch/sd/p/pghysels/nstxu_180degree_antenna_phasing_write_matrix_order3/matrix.000047
rank 79 opening /pscratch/sd/p/pghysels/nstxu_180degree_antenna_phasing_write_matrix_order3/matrix.000079
rank 82 opening /pscratch/sd/p/pghysels/nstxu_180degree_antenna_phasing_write_matrix_order3/matrix.000082
rank 30 opening /pscratch/sd/p/pghysels/nstxu_180degree_antenna_phasing_write_matrix_order3/matrix.000030
rank 65 opening /pscratch/sd/p/pghysels/nstxu_180degree_antenna_phasing_write_matrix_order3/matrix.000065
rank 22 opening /pscratch/sd/p/pghysels/nstxu_180degree_antenna_phasing_write_matrix_order3/matrix.000022
rank 86 opening /pscratch/sd/p/pghysels/nstxu_180degree_antenna_phasing_write_matrix_order3/matrix.000086
rank 91 opening /pscratch/sd/p/pghysels/nstxu_180degree_antenna_phasing_write_matrix_order3/matrix.000091
rank 18 opening /pscratch/sd/p/pghysels/nstxu_180degree_antenna_phasing_write_matrix_order3/matrix.000018
rank 127 opening /pscratch/sd/p/pghysels/nstxu_180degree_antenna_phasing_write_matrix_order3/matrix.000127
rank 122 opening /pscratch/sd/p/pghysels/nstxu_180degree_antenna_phasing_write_matrix_order3/matrix.000122
rank 98 opening /pscratch/sd/p/pghysels/nstxu_180degree_antenna_phasing_write_matrix_order3/matrix.000098
rank 6 opening /pscratch/sd/p/pghysels/nstxu_180degree_antenna_phasing_write_matrix_order3/matrix.000006
rank 54 opening /pscratch/sd/p/pghysels/nstxu_180degree_antenna_phasing_write_matrix_order3/matrix.000054
rank 70 opening /pscratch/sd/p/pghysels/nstxu_180degree_antenna_phasing_write_matrix_order3/matrix.000070
rank 103 opening /pscratch/sd/p/pghysels/nstxu_180degree_antenna_phasing_write_matrix_order3/matrix.000103
rank 10 opening /pscratch/sd/p/pghysels/nstxu_180degree_antenna_phasing_write_matrix_order3/matrix.000010
rank 117 opening /pscratch/sd/p/pghysels/nstxu_180degree_antenna_phasing_write_matrix_order3/matrix.000117
rank 38 opening /pscratch/sd/p/pghysels/nstxu_180degree_antenna_phasing_write_matrix_order3/matrix.000038
rank 15 opening /pscratch/sd/p/pghysels/nstxu_180degree_antenna_phasing_write_matrix_order3/matrix.000015
rank 111 opening /pscratch/sd/p/pghysels/nstxu_180degree_antenna_phasing_write_matrix_order3/matrix.000111
rank 51 opening /pscratch/sd/p/pghysels/nstxu_180degree_antenna_phasing_write_matrix_order3/matrix.000051
rank 63 opening /pscratch/sd/p/pghysels/nstxu_180degree_antenna_phasing_write_matrix_order3/matrix.000063
rank 58 opening /pscratch/sd/p/pghysels/nstxu_180degree_antenna_phasing_write_matrix_order3/matrix.000058
rank 114 opening /pscratch/sd/p/pghysels/nstxu_180degree_antenna_phasing_write_matrix_order3/matrix.000114
rank 106 opening /pscratch/sd/p/pghysels/nstxu_180degree_antenna_phasing_write_matrix_order3/matrix.000106
rank 95 opening /pscratch/sd/p/pghysels/nstxu_180degree_antenna_phasing_write_matrix_order3/matrix.000095
rank 43 opening /pscratch/sd/p/pghysels/nstxu_180degree_antenna_phasing_write_matrix_order3/matrix.000043
rank 83 opening /pscratch/sd/p/pghysels/nstxu_180degree_antenna_phasing_write_matrix_order3/matrix.000083
rank 31 opening /pscratch/sd/p/pghysels/nstxu_180degree_antenna_phasing_write_matrix_order3/matrix.000031
rank 19 opening /pscratch/sd/p/pghysels/nstxu_180degree_antenna_phasing_write_matrix_order3/matrix.000019
rank 123 opening /pscratch/sd/p/pghysels/nstxu_180degree_antenna_phasing_write_matrix_order3/matrix.000123
rank 99 opening /pscratch/sd/p/pghysels/nstxu_180degree_antenna_phasing_write_matrix_order3/matrix.000099
rank 7 opening /pscratch/sd/p/pghysels/nstxu_180degree_antenna_phasing_write_matrix_order3/matrix.000007
rank 55 opening /pscratch/sd/p/pghysels/nstxu_180degree_antenna_phasing_write_matrix_order3/matrix.000055
rank 71 opening /pscratch/sd/p/pghysels/nstxu_180degree_antenna_phasing_write_matrix_order3/matrix.000071
rank 101 opening /pscratch/sd/p/pghysels/nstxu_180degree_antenna_phasing_write_matrix_order3/matrix.000101
rank 118 opening /pscratch/sd/p/pghysels/nstxu_180degree_antenna_phasing_write_matrix_order3/matrix.000118
rank 39 opening /pscratch/sd/p/pghysels/nstxu_180degree_antenna_phasing_write_matrix_order3/matrix.000039
rank 59 opening /pscratch/sd/p/pghysels/nstxu_180degree_antenna_phasing_write_matrix_order3/matrix.000059
rank 115 opening /pscratch/sd/p/pghysels/nstxu_180degree_antenna_phasing_write_matrix_order3/matrix.000115
rank 107 opening /pscratch/sd/p/pghysels/nstxu_180degree_antenna_phasing_write_matrix_order3/matrix.000107
rank 119 opening /pscratch/sd/p/pghysels/nstxu_180degree_antenna_phasing_write_matrix_order3/matrix.000119
rank 89 opening /pscratch/sd/p/pghysels/nstxu_180degree_antenna_phasing_write_matrix_order3/matrix.000217
rank 67 opening /pscratch/sd/p/pghysels/nstxu_180degree_antenna_phasing_write_matrix_order3/matrix.000195
rank 109 opening /pscratch/sd/p/pghysels/nstxu_180degree_antenna_phasing_write_matrix_order3/matrix.000237
rank 87 opening /pscratch/sd/p/pghysels/nstxu_180degree_antenna_phasing_write_matrix_order3/matrix.000215
rank 69 opening /pscratch/sd/p/pghysels/nstxu_180degree_antenna_phasing_write_matrix_order3/matrix.000197
rank 94 opening /pscratch/sd/p/pghysels/nstxu_180degree_antenna_phasing_write_matrix_order3/matrix.000222
rank 71 opening /pscratch/sd/p/pghysels/nstxu_180degree_antenna_phasing_write_matrix_order3/matrix.000199
rank 91 opening /pscratch/sd/p/pghysels/nstxu_180degree_antenna_phasing_write_matrix_order3/matrix.000219
rank 95 opening /pscratch/sd/p/pghysels/nstxu_180degree_antenna_phasing_write_matrix_order3/matrix.000223
rank 81 opening /pscratch/sd/p/pghysels/nstxu_180degree_antenna_phasing_write_matrix_order3/matrix.000209
rank 90 opening /pscratch/sd/p/pghysels/nstxu_180degree_antenna_phasing_write_matrix_order3/matrix.000218
rank 85 opening /pscratch/sd/p/pghysels/nstxu_180degree_antenna_phasing_write_matrix_order3/matrix.000213
rank 78 opening /pscratch/sd/p/pghysels/nstxu_180degree_antenna_phasing_write_matrix_order3/matrix.000206
rank 73 opening /pscratch/sd/p/pghysels/nstxu_180degree_antenna_phasing_write_matrix_order3/matrix.000201
rank 84 opening /pscratch/sd/p/pghysels/nstxu_180degree_antenna_phasing_write_matrix_order3/matrix.000212
rank 68 opening /pscratch/sd/p/pghysels/nstxu_180degree_antenna_phasing_write_matrix_order3/matrix.000196
rank 74 opening /pscratch/sd/p/pghysels/nstxu_180degree_antenna_phasing_write_matrix_order3/matrix.000202
rank 77 opening /pscratch/sd/p/pghysels/nstxu_180degree_antenna_phasing_write_matrix_order3/matrix.000205
rank 108 opening /pscratch/sd/p/pghysels/nstxu_180degree_antenna_phasing_write_matrix_order3/matrix.000236
rank 75 opening /pscratch/sd/p/pghysels/nstxu_180degree_antenna_phasing_write_matrix_order3/matrix.000203
rank 72 opening /pscratch/sd/p/pghysels/nstxu_180degree_antenna_phasing_write_matrix_order3/matrix.000200
rank 83 opening /pscratch/sd/p/pghysels/nstxu_180degree_antenna_phasing_write_matrix_order3/matrix.000211
rank 79 opening /pscratch/sd/p/pghysels/nstxu_180degree_antenna_phasing_write_matrix_order3/matrix.000207
rank 64 opening /pscratch/sd/p/pghysels/nstxu_180degree_antenna_phasing_write_matrix_order3/matrix.000192
rank 70 opening /pscratch/sd/p/pghysels/nstxu_180degree_antenna_phasing_write_matrix_order3/matrix.000198
rank 66 opening /pscratch/sd/p/pghysels/nstxu_180degree_antenna_phasing_write_matrix_order3/matrix.000194
rank 80 opening /pscratch/sd/p/pghysels/nstxu_180degree_antenna_phasing_write_matrix_order3/matrix.000208
rank 76 opening /pscratch/sd/p/pghysels/nstxu_180degree_antenna_phasing_write_matrix_order3/matrix.000204
rank 65 opening /pscratch/sd/p/pghysels/nstxu_180degree_antenna_phasing_write_matrix_order3/matrix.000193
rank 86 opening /pscratch/sd/p/pghysels/nstxu_180degree_antenna_phasing_write_matrix_order3/matrix.000214
rank 92 opening /pscratch/sd/p/pghysels/nstxu_180degree_antenna_phasing_write_matrix_order3/matrix.000220
rank 88 opening /pscratch/sd/p/pghysels/nstxu_180degree_antenna_phasing_write_matrix_order3/matrix.000216
rank 93 opening /pscratch/sd/p/pghysels/nstxu_180degree_antenna_phasing_write_matrix_order3/matrix.000221
rank 82 opening /pscratch/sd/p/pghysels/nstxu_180degree_antenna_phasing_write_matrix_order3/matrix.000210
rank 31 opening /pscratch/sd/p/pghysels/nstxu_180degree_antenna_phasing_write_matrix_order3/matrix.000159
rank 3 opening /pscratch/sd/p/pghysels/nstxu_180degree_antenna_phasing_write_matrix_order3/matrix.000131
rank 118 opening /pscratch/sd/p/pghysels/nstxu_180degree_antenna_phasing_write_matrix_order3/matrix.000246
rank 23 opening /pscratch/sd/p/pghysels/nstxu_180degree_antenna_phasing_write_matrix_order3/matrix.000151
rank 63 opening /pscratch/sd/p/pghysels/nstxu_180degree_antenna_phasing_write_matrix_order3/matrix.000191
rank 47 opening /pscratch/sd/p/pghysels/nstxu_180degree_antenna_phasing_write_matrix_order3/matrix.000175
rank 40 opening /pscratch/sd/p/pghysels/nstxu_180degree_antenna_phasing_write_matrix_order3/matrix.000168
rank 27 opening /pscratch/sd/p/pghysels/nstxu_180degree_antenna_phasing_write_matrix_order3/matrix.000155
rank 127 opening /pscratch/sd/p/pghysels/nstxu_180degree_antenna_phasing_write_matrix_order3/matrix.000255
rank 111 opening /pscratch/sd/p/pghysels/nstxu_180degree_antenna_phasing_write_matrix_order3/matrix.000239
rank 13 opening /pscratch/sd/p/pghysels/nstxu_180degree_antenna_phasing_write_matrix_order3/matrix.000141
rank 58 opening /pscratch/sd/p/pghysels/nstxu_180degree_antenna_phasing_write_matrix_order3/matrix.000186
rank 14 opening /pscratch/sd/p/pghysels/nstxu_180degree_antenna_phasing_write_matrix_order3/matrix.000142
rank 125 opening /pscratch/sd/p/pghysels/nstxu_180degree_antenna_phasing_write_matrix_order3/matrix.000253
rank 35 opening /pscratch/sd/p/pghysels/nstxu_180degree_antenna_phasing_write_matrix_order3/matrix.000163
rank 38 opening /pscratch/sd/p/pghysels/nstxu_180degree_antenna_phasing_write_matrix_order3/matrix.000166
rank 21 opening /pscratch/sd/p/pghysels/nstxu_180degree_antenna_phasing_write_matrix_order3/matrix.000149
rank 36 opening /pscratch/sd/p/pghysels/nstxu_180degree_antenna_phasing_write_matrix_order3/matrix.000164
rank 119 opening /pscratch/sd/p/pghysels/nstxu_180degree_antenna_phasing_write_matrix_order3/matrix.000247
rank 17 opening /pscratch/sd/p/pghysels/nstxu_180degree_antenna_phasing_write_matrix_order3/matrix.000145
rank 30 opening /pscratch/sd/p/pghysels/nstxu_180degree_antenna_phasing_write_matrix_order3/matrix.000158
rank 102 opening /pscratch/sd/p/pghysels/nstxu_180degree_antenna_phasing_write_matrix_order3/matrix.000230
rank 113 opening /pscratch/sd/p/pghysels/nstxu_180degree_antenna_phasing_write_matrix_order3/matrix.000241
rank 104 opening /pscratch/sd/p/pghysels/nstxu_180degree_antenna_phasing_write_matrix_order3/matrix.000232
rank 62 opening /pscratch/sd/p/pghysels/nstxu_180degree_antenna_phasing_write_matrix_order3/matrix.000190
rank 25 opening /pscratch/sd/p/pghysels/nstxu_180degree_antenna_phasing_write_matrix_order3/matrix.000153
rank 50 opening /pscratch/sd/p/pghysels/nstxu_180degree_antenna_phasing_write_matrix_order3/matrix.000178
rank 29 opening /pscratch/sd/p/pghysels/nstxu_180degree_antenna_phasing_write_matrix_order3/matrix.000157
rank 12 opening /pscratch/sd/p/pghysels/nstxu_180degree_antenna_phasing_write_matrix_order3/matrix.000140
rank 100 opening /pscratch/sd/p/pghysels/nstxu_180degree_antenna_phasing_write_matrix_order3/matrix.000228
rank 53 opening /pscratch/sd/p/pghysels/nstxu_180degree_antenna_phasing_write_matrix_order3/matrix.000181
rank 43 opening /pscratch/sd/p/pghysels/nstxu_180degree_antenna_phasing_write_matrix_order3/matrix.000171
rank 97 opening /pscratch/sd/p/pghysels/nstxu_180degree_antenna_phasing_write_matrix_order3/matrix.000225
rank 115 opening /pscratch/sd/p/pghysels/nstxu_180degree_antenna_phasing_write_matrix_order3/matrix.000243
rank 96 opening /pscratch/sd/p/pghysels/nstxu_180degree_antenna_phasing_write_matrix_order3/matrix.000224
rank 59 opening /pscratch/sd/p/pghysels/nstxu_180degree_antenna_phasing_write_matrix_order3/matrix.000187
rank 55 opening /pscratch/sd/p/pghysels/nstxu_180degree_antenna_phasing_write_matrix_order3/matrix.000183
rank 24 opening /pscratch/sd/p/pghysels/nstxu_180degree_antenna_phasing_write_matrix_order3/matrix.000152
rank 107 opening /pscratch/sd/p/pghysels/nstxu_180degree_antenna_phasing_write_matrix_order3/matrix.000235
rank 0 opening /pscratch/sd/p/pghysels/nstxu_180degree_antenna_phasing_write_matrix_order3/matrix.000128
rank 126 opening /pscratch/sd/p/pghysels/nstxu_180degree_antenna_phasing_write_matrix_order3/matrix.000254
rank 15 opening /pscratch/sd/p/pghysels/nstxu_180degree_antenna_phasing_write_matrix_order3/matrix.000143
rank 48 opening /pscratch/sd/p/pghysels/nstxu_180degree_antenna_phasing_write_matrix_order3/matrix.000176
rank 57 opening /pscratch/sd/p/pghysels/nstxu_180degree_antenna_phasing_write_matrix_order3/matrix.000185
rank 19 opening /pscratch/sd/p/pghysels/nstxu_180degree_antenna_phasing_write_matrix_order3/matrix.000147
rank 105 opening /pscratch/sd/p/pghysels/nstxu_180degree_antenna_phasing_write_matrix_order3/matrix.000233
rank 60 opening /pscratch/sd/p/pghysels/nstxu_180degree_antenna_phasing_write_matrix_order3/matrix.000188
rank 32 opening /pscratch/sd/p/pghysels/nstxu_180degree_antenna_phasing_write_matrix_order3/matrix.000160
rank 56 opening /pscratch/sd/p/pghysels/nstxu_180degree_antenna_phasing_write_matrix_order3/matrix.000184
rank 122 opening /pscratch/sd/p/pghysels/nstxu_180degree_antenna_phasing_write_matrix_order3/matrix.000250
rank 123 opening /pscratch/sd/p/pghysels/nstxu_180degree_antenna_phasing_write_matrix_order3/matrix.000251
rank 41 opening /pscratch/sd/p/pghysels/nstxu_180degree_antenna_phasing_write_matrix_order3/matrix.000169
rank 98 opening /pscratch/sd/p/pghysels/nstxu_180degree_antenna_phasing_write_matrix_order3/matrix.000226
rank 114 opening /pscratch/sd/p/pghysels/nstxu_180degree_antenna_phasing_write_matrix_order3/matrix.000242
rank 117 opening /pscratch/sd/p/pghysels/nstxu_180degree_antenna_phasing_write_matrix_order3/matrix.000245
rank 22 opening /pscratch/sd/p/pghysels/nstxu_180degree_antenna_phasing_write_matrix_order3/matrix.000150
rank 20 opening /pscratch/sd/p/pghysels/nstxu_180degree_antenna_phasing_write_matrix_order3/matrix.000148
rank 37 opening /pscratch/sd/p/pghysels/nstxu_180degree_antenna_phasing_write_matrix_order3/matrix.000165
rank 101 opening /pscratch/sd/p/pghysels/nstxu_180degree_antenna_phasing_write_matrix_order3/matrix.000229
rank 61 opening /pscratch/sd/p/pghysels/nstxu_180degree_antenna_phasing_write_matrix_order3/matrix.000189
rank 10 opening /pscratch/sd/p/pghysels/nstxu_180degree_antenna_phasing_write_matrix_order3/matrix.000138
rank 124 opening /pscratch/sd/p/pghysels/nstxu_180degree_antenna_phasing_write_matrix_order3/matrix.000252
rank 9 opening /pscratch/sd/p/pghysels/nstxu_180degree_antenna_phasing_write_matrix_order3/matrix.000137
rank 51 opening /pscratch/sd/p/pghysels/nstxu_180degree_antenna_phasing_write_matrix_order3/matrix.000179
rank 5 opening /pscratch/sd/p/pghysels/nstxu_180degree_antenna_phasing_write_matrix_order3/matrix.000133
rank 4 opening /pscratch/sd/p/pghysels/nstxu_180degree_antenna_phasing_write_matrix_order3/matrix.000132
rank 26 opening /pscratch/sd/p/pghysels/nstxu_180degree_antenna_phasing_write_matrix_order3/matrix.000154
rank 11 opening /pscratch/sd/p/pghysels/nstxu_180degree_antenna_phasing_write_matrix_order3/matrix.000139
rank 121 opening /pscratch/sd/p/pghysels/nstxu_180degree_antenna_phasing_write_matrix_order3/matrix.000249
rank 46 opening /pscratch/sd/p/pghysels/nstxu_180degree_antenna_phasing_write_matrix_order3/matrix.000174
rank 45 opening /pscratch/sd/p/pghysels/nstxu_180degree_antenna_phasing_write_matrix_order3/matrix.000173
rank 39 opening /pscratch/sd/p/pghysels/nstxu_180degree_antenna_phasing_write_matrix_order3/matrix.000167
rank 1 opening /pscratch/sd/p/pghysels/nstxu_180degree_antenna_phasing_write_matrix_order3/matrix.000129
rank 103 opening /pscratch/sd/p/pghysels/nstxu_180degree_antenna_phasing_write_matrix_order3/matrix.000231
rank 42 opening /pscratch/sd/p/pghysels/nstxu_180degree_antenna_phasing_write_matrix_order3/matrix.000170
rank 54 opening /pscratch/sd/p/pghysels/nstxu_180degree_antenna_phasing_write_matrix_order3/matrix.000182
rank 110 opening /pscratch/sd/p/pghysels/nstxu_180degree_antenna_phasing_write_matrix_order3/matrix.000238
rank 44 opening /pscratch/sd/p/pghysels/nstxu_180degree_antenna_phasing_write_matrix_order3/matrix.000172
rank 49 opening /pscratch/sd/p/pghysels/nstxu_180degree_antenna_phasing_write_matrix_order3/matrix.000177
rank 106 opening /pscratch/sd/p/pghysels/nstxu_180degree_antenna_phasing_write_matrix_order3/matrix.000234
rank 99 opening /pscratch/sd/p/pghysels/nstxu_180degree_antenna_phasing_write_matrix_order3/matrix.000227
rank 28 opening /pscratch/sd/p/pghysels/nstxu_180degree_antenna_phasing_write_matrix_order3/matrix.000156
rank 8 opening /pscratch/sd/p/pghysels/nstxu_180degree_antenna_phasing_write_matrix_order3/matrix.000136
rank 7 opening /pscratch/sd/p/pghysels/nstxu_180degree_antenna_phasing_write_matrix_order3/matrix.000135
rank 120 opening /pscratch/sd/p/pghysels/nstxu_180degree_antenna_phasing_write_matrix_order3/matrix.000248
rank 6 opening /pscratch/sd/p/pghysels/nstxu_180degree_antenna_phasing_write_matrix_order3/matrix.000134
rank 116 opening /pscratch/sd/p/pghysels/nstxu_180degree_antenna_phasing_write_matrix_order3/matrix.000244
rank 33 opening /pscratch/sd/p/pghysels/nstxu_180degree_antenna_phasing_write_matrix_order3/matrix.000161
rank 16 opening /pscratch/sd/p/pghysels/nstxu_180degree_antenna_phasing_write_matrix_order3/matrix.000144
rank 18 opening /pscratch/sd/p/pghysels/nstxu_180degree_antenna_phasing_write_matrix_order3/matrix.000146
rank 34 opening /pscratch/sd/p/pghysels/nstxu_180degree_antenna_phasing_write_matrix_order3/matrix.000162
rank 2 opening /pscratch/sd/p/pghysels/nstxu_180degree_antenna_phasing_write_matrix_order3/matrix.000130
rank 112 opening /pscratch/sd/p/pghysels/nstxu_180degree_antenna_phasing_write_matrix_order3/matrix.000240
rank 52 opening /pscratch/sd/p/pghysels/nstxu_180degree_antenna_phasing_write_matrix_order3/matrix.000180
matrix has 21469920 rows and 1347479136 nonzeros
reading matrix took 10.0768 seconds
local rows {167733, 167734, 167734, 167734, 167733, 167734, 167734, 167734, 167733, 167734, 167734, 167734, 167733, 167734, 167734, 167734, 167733, 167734, 167734, 167734, 167733, 167734, 167734, 167734, 167733, 167734, 167734, 167734, 167733, 167734, 167734, 167734, 167733, 167734, 167734, 167734, 167733, 167734, 167734, 167734, 167733, 167734, 167734, 167734, 167733, 167734, 167734, 167734, 167733, 167734, 167734, 167734, 167733, 167734, 167734, 167734, 167733, 167734, 167734, 167734, 167733, 167734, 167734, 167734, 167733, 167734, 167734, 167734, 167733, 167734, 167734, 167734, 167733, 167734, 167734, 167734, 167733, 167734, 167734, 167734, 167733, 167734, 167734, 167734, 167733, 167734, 167734, 167734, 167733, 167734, 167734, 167734, 167733, 167734, 167734, 167734, 167733, 167734, 167734, 167734, 167733, 167734, 167734, 167734, 167733, 167734, 167734, 167734, 167733, 167734, 167734, 167734, 167733, 167734, 167734, 167734, 167733, 167734, 167734, 167734, 167733, 167734, 167734, 167734, 167733, 167734, 167734, 167734, }
redistributing triplets
local nnz {13137099, }
redistributing matrix took 2.09922 seconds
building local CSR
creating CSRMatrixMPI
creating CSRMatrixMPI took 0.12295 seconds
creating STRUMPACK solver
# Initializing STRUMPACK
# using 16 OpenMP thread(s)
# number of tasking levels = 7 = log_2(#threads) + 3
# using 128 MPI processes
# matrix equilibration, r_cond = 1 , c_cond = 1 , type = N
# initial matrix:
#   - number of unknowns = 21,469,920
#   - number of nonzeros = 1,347,479,136
# nested dissection reordering:
#   - Metis reordering
#      - used METIS_NodeNDP (iso METIS_NodeND)
#      - supernodal tree from METIS_NodeNDP is used
#   - strategy parameter = 8
#   - number of separators = 2,683,741
#   - number of levels = 15
#   - nd time = 86.4657
#   - symmetrization time = 0.593551
# symbolic factorization:
#   - nr of dense Frontal matrices = 2,011,537
#   - nr of HODLR Frontal matrices = 64
#   - nr of BLR Frontal matrices = 1,007
#   - nr of ZFP Frontal matrices = 671,133
#   - symb-factor time = 39.3003
#   - sep-reorder time = 123.692
# multifrontal factorization:
#   - estimated memory usage (exact solver) = 7.21114e+07 MB
#   - minimum pivot, sqrt(eps)*|A|_1 = 1.40168e+07
#   - replacing of small pivots is not enabled
#   - HODLR front: Nsep= 12158 Nupd= 0 level= 10
#        nnz(F11)= 4.62975e+06 , nnz(factor(F11))= 4.68911e+06 , rank(F11)= 1 ,
#        nnz(F12)= 0 , rank(F12)= 0 ,  nnz(F21)= 0 , rank(F21)= 0 ,
#        nnz(F22)= 0 , rank(F22)= 0 , 6.30432 %compression, time= 2.74193 sec
#        total memory: 6858.66 MB,   peak memory: 6958.29 MB
14102845, #   - BLR front: Nsep= 549 , Nupd= 2754 level= 9
#        nnz(F11)= 200111 rank(F11)= 47        nnz(F12)= 800417 rank(F12)= 109
#        nnz(F21)= 778505 rank(F21)= 100        nnz(F22)= 0 / 7584516 rank(F22)= 0
#        85.8269 %compression, time= 0.778976 sec,   factor mem= 149.817 MB, flops= 1.82582e+11
#        total memory: 5427.37 MB,   peak memory: 5582.44 MB
#   - BLR front: Nsep= 1311 , Nupd= 0 level= 13
#        nnz(F11)= 429681 rank(F11)= 0
#        25 %compression, time= 0.0422827 sec,   factor mem= 6.8749 MB, flops= 7.63286e+09
#        total memory: 5633.05 MB,   peak memory: 5660.31 MB
#   - BLR front: Nsep= 678 , Nupd= 2682 level= 9
#        nnz(F11)= 303746 rank(F11)= 56        nnz(F12)= 893862 rank(F12)= 102
#        nnz(F21)= 885120 rank(F21)= 101        nnz(F22)= 0 / 7193124 rank(F22)= 0
#        82.1628 %compression, time= 0.788172 sec,   factor mem= 148.414 MB, flops= 1.79128e+11
#        total memory: 5698.87 MB,   peak memory: 6121.63 MB
#   - BLR front: Nsep= 576 , Nupd= 2934 level= 9
#        nnz(F11)= 245376 rank(F11)= 70        nnz(F12)= 728402 rank(F12)= 94
#        nnz(F21)= 729490 rank(F21)= 100        nnz(F22)= 0 / 8608356 rank(F22)= 0
#        83.6976 %compression, time= 0.732215 sec,   factor mem= 164.986 MB, flops= 1.9997e+11
#        total memory: 7257.37 MB,   peak memory: 7499.5 MB
#   - BLR front: Nsep= 1280 , Nupd= 0 level= 13
#        nnz(F11)= 409600 rank(F11)= 0
#        25 %compression, time= 0.0378841 sec,   factor mem= 6.5536 MB, flops= 7.88352e+09
#        total memory: 5820.21 MB,   peak memory: 6121.63 MB
#   - HODLR front: Nsep= 5120 Nupd= 0 level= 11
#        nnz(F11)= 1.64e+06 , nnz(factor(F11))= 1.66e+06 , rank(F11)= 1 ,
#        nnz(F12)= 0 , rank(F12)= 0 ,  nnz(F21)= 0 , rank(F21)= 0 ,
#        nnz(F22)= 0 , rank(F22)= 0 , 12.5885 %compression, time= 0.772173 sec
#        total memory: 6242.03 MB,   peak memory: 6276.53 MB
#   - BLR front: Nsep= 735 , Nupd= 0 level= 14
#        nnz(F11)= 270113 rank(F11)= 0
#        50.0001 %compression, time= 0.0163951 sec,   factor mem= 4.32181 MB, flops= 1.78398e+09
#        total memory: 7314.67 MB,   peak memory: 7499.5 MB
#   - BLR front: Nsep= 561 , Nupd= 3261 level= 9
#        nnz(F11)= 202802 rank(F11)= 42        nnz(F12)= 851961 rank(F12)= 89
#        nnz(F21)= 866332 rank(F21)= 94        nnz(F22)= 0 / 10634121 rank(F22)= 0
#        85.9494 %compression, time= 0.828096 sec,   factor mem= 200.883 MB, flops= 2.28256e+11
#        total memory: 7450.88 MB,   peak memory: 7578.2 MB
#   - HODLR front: Nsep= 6400 Nupd= 0 level= 11
#        nnz(F11)= 2.55e+06 , nnz(factor(F11))= 2.575e+06 , rank(F11)= 1 ,
#        nnz(F12)= 0 , rank(F12)= 0 ,  nnz(F21)= 0 , rank(F21)= 0 ,
#        nnz(F22)= 0 , rank(F22)= 0 , 12.5122 %compression, time= 1.35917 sec
#        total memory: 7437.51 MB,   peak memory: 7618.17 MB
#   - BLR front: Nsep= 607 , Nupd= 0 level= 14
#        nnz(F11)= 184225 rank(F11)= 0
#        50.0001 %compression, time= 0.0105928 sec,   factor mem= 2.9476 MB, flops= 1.16549e+09
#        total memory: 7329.63 MB,   peak memory: 7618.17 MB
#   - BLR front: Nsep= 1213 , Nupd= 0 level= 13
#        nnz(F11)= 367843 rank(F11)= 0
#        25.0001 %compression, time= 0.0377979 sec,   factor mem= 5.88549 MB, flops= 6.93215e+09
#        total memory: 7424.6 MB,   peak memory: 7618.17 MB
#   - BLR front: Nsep= 552 , Nupd= 3672 level= 9
#        nnz(F11)= 229080 rank(F11)= 70        nnz(F12)= 1217560 rank(F12)= 105
#        nnz(F21)= 1206600 rank(F21)= 131        nnz(F22)= 0 / 13483584 rank(F22)= 0
#        90.442 %compression, time= 1.24543 sec,   factor mem= 258.189 MB, flops= 3.4507e+11
#        total memory: 7020.39 MB,   peak memory: 7090.52 MB
#   - BLR front: Nsep= 597 , Nupd= 2307 level= 9
#        nnz(F11)= 260591 rank(F11)= 69        nnz(F12)= 682218 rank(F12)= 107
#        nnz(F21)= 669458 rank(F21)= 103        nnz(F22)= 0 / 5322249 rank(F22)= 0
#        82.2286 %compression, time= 0.600015 sec,   factor mem= 110.952 MB, flops= 2.19482e+11
#        total memory: 8000.91 MB,   peak memory: 8051.63 MB
#   - BLR front: Nsep= 762 , Nupd= 3204 level= 9
#        nnz(F11)= 411480 rank(F11)= 82        nnz(F12)= 852984 rank(F12)= 92
#        nnz(F21)= 842245 rank(F21)= 98        nnz(F22)= 0 / 10265616 rank(F22)= 0
#        78.6585 %compression, time= 0.93026 sec,   factor mem= 197.957 MB, flops= 2.30469e+11
#        total memory: 7166.73 MB,   peak memory: 7254.37 MB
#   - BLR front: Nsep= 738 , Nupd= 2919 level= 9
#        nnz(F11)= 396306 rank(F11)= 85        nnz(F12)= 930849 rank(F12)= 94
#        nnz(F21)= 909599 rank(F21)= 96        nnz(F22)= 0 / 8520561 rank(F22)= 0
#        80.4366 %compression, time= 0.890528 sec,   factor mem= 172.117 MB, flops= 2.78984e+11
#        total memory: 8284.19 MB,   peak memory: 8454.07 MB
#   - BLR front: Nsep= 618 , Nupd= 4449 level= 8
#        nnz(F11)= 263270 rank(F11)= 59        nnz(F12)= 1285602 rank(F12)= 108
#        nnz(F21)= 1279922 rank(F21)= 107        nnz(F22)= 0 / 19793601 rank(F22)= 0
#        88.1124 %compression, time= 1.56149 sec,   factor mem= 361.958 MB, flops= 4.05302e+11
#        total memory: 7580.63 MB,   peak memory: 7708.86 MB
#   - BLR front: Nsep= 516 , Nupd= 3876 level= 9
#        nnz(F11)= 225494 rank(F11)= 91        nnz(F12)= 1203029 rank(F12)= 99
#        nnz(F21)= 1180340 rank(F21)= 99        nnz(F22)= 0 / 15023376 rank(F22)= 0
#        91.4077 %compression, time= 1.29415 sec,   factor mem= 282.116 MB, flops= 3.12783e+11
#        total memory: 7379.4 MB,   peak memory: 7708.86 MB
#   - BLR front: Nsep= 562 , Nupd= 0 level= 15
#        nnz(F11)= 157922 rank(F11)= 0
#        50 %compression, time= 0.00836696 sec,   factor mem= 2.52675 MB, flops= 9.62852e+08
#        total memory: 10048.5 MB,   peak memory: 10053.5 MB
#   - BLR front: Nsep= 588 , Nupd= 1641 level= 10
#        nnz(F11)= 224616 rank(F11)= 46        nnz(F12)= 499647 rank(F12)= 110
#        nnz(F21)= 501448 rank(F21)= 116        nnz(F22)= 0 / 2692881 rank(F22)= 0
#        78.8696 %compression, time= 0.402148 sec,   factor mem= 62.6975 MB, flops= 1.25397e+11
#        total memory: 10235.4 MB,   peak memory: 10273.9 MB
#   - BLR front: Nsep= 882 , Nupd= 3015 level= 8
#        nnz(F11)= 496566 rank(F11)= 62        nnz(F12)= 981752 rank(F12)= 99
#        nnz(F21)= 1039318 rank(F21)= 99        nnz(F22)= 0 / 9090225 rank(F22)= 0
#        76.4348 %compression, time= 1.03472 sec,   factor mem= 185.726 MB, flops= 2.76353e+11
#        total memory: 10178.4 MB,   peak memory: 10276.2 MB
#   - BLR front: Nsep= 594 , Nupd= 2859 level= 9
#        nnz(F11)= 228690 rank(F11)= 45        nnz(F12)= 708975 rank(F12)= 83
#        nnz(F21)= 709954 rank(F21)= 80        nnz(F22)= 0 / 8173881 rank(F22)= 0
#        82.373 %compression, time= 0.659257 sec,   factor mem= 157.144 MB, flops= 1.36725e+11
#        total memory: 8169.62 MB,   peak memory: 8235.62 MB
#   - BLR front: Nsep= 688 , Nupd= 0 level= 14
#        nnz(F11)= 236672 rank(F11)= 0
#        50 %compression, time= 0.0161757 sec,   factor mem= 3.78675 MB, flops= 9.87116e+08
#        total memory: 10622.1 MB,   peak memory: 10639.3 MB
#   - BLR front: Nsep= 1406 , Nupd= 0 level= 13
#        nnz(F11)= 494210 rank(F11)= 0
#        25.0001 %compression, time= 0.0668372 sec,   factor mem= 7.90736 MB, flops= 1.94096e+10
#        total memory: 10728.6 MB,   peak memory: 10839.4 MB
8937297, #   - BLR front: Nsep= 525 , Nupd= 4536 level= 11
#        nnz(F11)= 207638 rank(F11)= 68        nnz(F12)= 1314154 rank(F12)= 126
#        nnz(F21)= 1329099 rank(F21)= 128        nnz(F22)= 0 / 20575296 rank(F22)= 0
#        91.4595 %compression, time= 1.95125 sec,   factor mem= 374.819 MB, flops= 6.05901e+11
#        total memory: 11093.6 MB,   peak memory: 11174.8 MB
#   - BLR front: Nsep= 726 , Nupd= 3090 level= 8
#        nnz(F11)= 325974 rank(F11)= 46        nnz(F12)= 983402 rank(F12)= 97
#        nnz(F21)= 922359 rank(F21)= 93        nnz(F22)= 0 / 9548100 rank(F22)= 0
#        80.8951 %compression, time= 0.922005 sec,   factor mem= 188.477 MB, flops= 2.31875e+11
#        total memory: 8600.67 MB,   peak memory: 8681.33 MB
#   - BLR front: Nsep= 600 , Nupd= 3888 level= 10
#        nnz(F11)= 300000 rank(F11)= 100        nnz(F12)= 1201328 rank(F12)= 135
#        nnz(F21)= 1197088 rank(F21)= 134        nnz(F22)= 0 / 15116544 rank(F22)= 0
#        88.4462 %compression, time= 1.61043 sec,   factor mem= 285.039 MB, flops= 5.45417e+11
#        total memory: 12031.1 MB,   peak memory: 12112.6 MB
#   - BLR front: Nsep= 591 , Nupd= 3804 level= 8
#        nnz(F11)= 237882 rank(F11)= 56        nnz(F12)= 951584 rank(F12)= 88
#        nnz(F21)= 938174 rank(F21)= 81        nnz(F22)= 0 / 14470416 rank(F22)= 0
#        85.9289 %compression, time= 0.977422 sec,   factor mem= 265.569 MB, flops= 2.58361e+11
#        total memory: 10032.3 MB,   peak memory: 10111.4 MB
#   - BLR front: Nsep= 543 , Nupd= 4662 level= 11
#        nnz(F11)= 277202 rank(F11)= 123        nnz(F12)= 1569091 rank(F12)= 129
#        nnz(F21)= 1588818 rank(F21)= 126        nnz(F22)= 0 / 21734244 rank(F22)= 0
#        92.9032 %compression, time= 2.38102 sec,   factor mem= 402.71 MB, flops= 8.02041e+11
#        total memory: 12086.7 MB,   peak memory: 12171.5 MB
#   - BLR front: Nsep= 1056 , Nupd= 3327 level= 9
#        nnz(F11)= 579216 rank(F11)= 66        nnz(F12)= 1417816 rank(F12)= 87
#        nnz(F21)= 1423546 rank(F21)= 90        nnz(F22)= 0 / 11068929 rank(F22)= 0
#        75.4242 %compression, time= 1.6389 sec,   factor mem= 231.832 MB, flops= 4.31158e+11
#        total memory: 12671.4 MB,   peak memory: 12845.2 MB
#   - BLR front: Nsep= 684 , Nupd= 4917 level= 9
#        nnz(F11)= 354312 rank(F11)= 90        nnz(F12)= 1646195 rank(F12)= 132
#        nnz(F21)= 1639019 rank(F21)= 134        nnz(F22)= 0 / 24176889 rank(F22)= 0
#        88.6686 %compression, time= 2.02341 sec,   factor mem= 445.063 MB, flops= 4.92366e+11
#        total memory: 10295.8 MB,   peak memory: 10769.2 MB
#   - BLR front: Nsep= 636 , Nupd= 2166 level= 9
#        nnz(F11)= 293196 rank(F11)= 74        nnz(F12)= 713574 rank(F12)= 103
#        nnz(F21)= 698054 rank(F21)= 100        nnz(F22)= 0 / 4691556 rank(F22)= 0
#        81.4701 %compression, time= 0.705461 sec,   factor mem= 102.342 MB, flops= 1.74604e+11
#        total memory: 13439.8 MB,   peak memory: 13786.3 MB
#   - BLR front: Nsep= 831 , Nupd= 2616 level= 9
#        nnz(F11)= 495692 rank(F11)= 92        nnz(F12)= 974025 rank(F12)= 102
#        nnz(F21)= 930616 rank(F21)= 105        nnz(F22)= 0 / 6843456 rank(F22)= 0
#        77.7978 %compression, time= 0.97713 sec,   factor mem= 147.901 MB, flops= 2.81723e+11
#        total memory: 13206.5 MB,   peak memory: 13786.3 MB
#   - BLR front: Nsep= 588 , Nupd= 4236 level= 11
#        nnz(F11)= 306348 rank(F11)= 114        nnz(F12)= 1626084 rank(F12)= 134
#        nnz(F21)= 1612334 rank(F21)= 134        nnz(F22)= 0 / 17943696 rank(F22)= 0
#        92.3402 %compression, time= 2.23346 sec,   factor mem= 343.815 MB, flops= 6.86067e+11
#        total memory: 13578.7 MB,   peak memory: 14174.5 MB
#   - BLR front: Nsep= 516 , Nupd= 2508 level= 10
#        nnz(F11)= 202788 rank(F11)= 69        nnz(F12)= 736582 rank(F12)= 107
#        nnz(F21)= 744702 rank(F21)= 108        nnz(F22)= 0 / 6290064 rank(F22)= 0
#        87.2007 %compression, time= 0.73261 sec,   factor mem= 127.586 MB, flops= 1.81119e+11
#        total memory: 13629.1 MB,   peak memory: 13786.3 MB
#   - BLR front: Nsep= 633 , Nupd= 4431 level= 11
#        nnz(F11)= 363026 rank(F11)= 129        nnz(F12)= 1646495 rank(F12)= 139
#        nnz(F21)= 1649291 rank(F21)= 140        nnz(F22)= 0 / 19633761 rank(F22)= 0
#        90.8302 %compression, time= 2.31383 sec,   factor mem= 372.681 MB, flops= 7.47404e+11
#        total memory: 13191.9 MB,   peak memory: 14174.5 MB
#   - BLR front: Nsep= 753 , Nupd= 4182 level= 8
#        nnz(F11)= 409260 rank(F11)= 85        nnz(F12)= 1340525 rank(F12)= 121
#        nnz(F21)= 1349519 rank(F21)= 120        nnz(F22)= 0 / 17489124 rank(F22)= 0
#        84.5374 %compression, time= 1.45553 sec,   factor mem= 329.415 MB, flops= 4.03379e+11
#        total memory: 10540.1 MB,   peak memory: 10794.4 MB
#   - BLR front: Nsep= 837 , Nupd= 3024 level= 8
#        nnz(F11)= 436496 rank(F11)= 54        nnz(F12)= 1083637 rank(F12)= 120
#        nnz(F21)= 1081790 rank(F21)= 123        nnz(F22)= 0 / 9144576 rank(F22)= 0
#        78.7968 %compression, time= 0.997915 sec,   factor mem= 187.944 MB, flops= 3.53817e+11
#        total memory: 13834.6 MB,   peak memory: 14076.2 MB
#   - BLR front: Nsep= 978 , Nupd= 4083 level= 8
#        nnz(F11)= 622008 rank(F11)= 74        nnz(F12)= 1688862 rank(F12)= 109
#        nnz(F21)= 1677726 rank(F21)= 118        nnz(F22)= 0 / 16670889 rank(F22)= 0
#        80.6579 %compression, time= 1.73365 sec,   factor mem= 330.552 MB, flops= 4.55332e+11
#        total memory: 11104.3 MB,   peak memory: 11248.3 MB
#   - BLR front: Nsep= 831 , Nupd= 4560 level= 8
#        nnz(F11)= 459959 rank(F11)= 72        nnz(F12)= 1290233 rank(F12)= 89
#        nnz(F21)= 1122242 rank(F21)= 98        nnz(F22)= 0 / 20793600 rank(F22)= 0
#        81.4305 %compression, time= 1.62412 sec,   factor mem= 378.657 MB, flops= 5.22215e+11
#        total memory: 13700.6 MB,   peak memory: 14076.2 MB
#   - BLR front: Nsep= 549 , Nupd= 4407 level= 10
#        nnz(F11)= 246776 rank(F11)= 88        nnz(F12)= 1283389 rank(F12)= 112
#        nnz(F21)= 1276263 rank(F21)= 129        nnz(F22)= 0 / 19421649 rank(F22)= 0
#        90.4981 %compression, time= 1.72705 sec,   factor mem= 355.649 MB, flops= 5.39946e+11
#        total memory: 13605.8 MB,   peak memory: 14076.2 MB
#   - BLR front: Nsep= 690 , Nupd= 5646 level= 10
#        nnz(F11)= 373292 rank(F11)= 98        nnz(F12)= 1744678 rank(F12)= 131
#        nnz(F21)= 1695416 rank(F21)= 127        nnz(F22)= 0 / 31877316 rank(F22)= 0
#        88.9047 %compression, time= 2.78618 sec,   factor mem= 571.051 MB, flops= 9.01449e+11
#        total memory: 14530.4 MB,   peak memory: 14673 MB
#   - BLR front: Nsep= 954 , Nupd= 3996 level= 8
#        nnz(F11)= 597206 rank(F11)= 76        nnz(F12)= 1789052 rank(F12)= 128
#        nnz(F21)= 1761506 rank(F21)= 130        nnz(F22)= 0 / 15968016 rank(F22)= 0
#        82.0968 %compression, time= 1.87693 sec,   factor mem= 321.852 MB, flops= 4.8198e+11
#        total memory: 11572.2 MB,   peak memory: 11709.5 MB
#   - BLR front: Nsep= 528 , Nupd= 4158 level= 11
#        nnz(F11)= 244992 rank(F11)= 100        nnz(F12)= 1472002 rank(F12)= 117
#        nnz(F21)= 1502094 rank(F21)= 115        nnz(F22)= 0 / 17288964 rank(F22)= 0
#        93.3942 %compression, time= 1.97858 sec,   factor mem= 328.129 MB, flops= 6.09859e+11
#        total memory: 14736.3 MB,   peak memory: 14813.7 MB
#   - BLR front: Nsep= 738 , Nupd= 5859 level= 10
#        nnz(F11)= 441324 rank(F11)= 115        nnz(F12)= 2210391 rank(F12)= 138
#        nnz(F21)= 2182556 rank(F21)= 145        nnz(F22)= 0 / 34327881 rank(F22)= 0
#        89.9857 %compression, time= 3.25121 sec,   factor mem= 626.594 MB, flops= 9.23659e+11
#        total memory: 13735.8 MB,   peak memory: 14076.2 MB
#   - BLR front: Nsep= 837 , Nupd= 4167 level= 8
#        nnz(F11)= 507641 rank(F11)= 95        nnz(F12)= 1614129 rank(F12)= 114
#        nnz(F21)= 1622406 rank(F21)= 112        nnz(F22)= 0 / 17363889 rank(F22)= 0
#        84.2973 %compression, time= 1.78268 sec,   factor mem= 337.729 MB, flops= 5.00838e+11
#        total memory: 14979.2 MB,   peak memory: 15103.5 MB
#   - BLR front: Nsep= 531 , Nupd= 5082 level= 10
#        nnz(F11)= 258332 rank(F11)= 111        nnz(F12)= 1511638 rank(F12)= 129
#        nnz(F21)= 1518454 rank(F21)= 128        nnz(F22)= 0 / 25826724 rank(F22)= 0
#        92.4121 %compression, time= 2.43085 sec,   factor mem= 465.842 MB, flops= 7.37424e+11
#        total memory: 15873.7 MB,   peak memory: 16375.5 MB
#   - BLR front: Nsep= 804 , Nupd= 2748 level= 9
#        nnz(F11)= 487224 rank(F11)= 103        nnz(F12)= 1139690 rank(F12)= 127
#        nnz(F21)= 1116682 rank(F21)= 126        nnz(F22)= 0 / 7551504 rank(F22)= 0
#        81.599 %compression, time= 1.07154 sec,   factor mem= 164.722 MB, flops= 2.07952e+11
#        total memory: 14241.3 MB,   peak memory: 15103.5 MB
#   - BLR front: Nsep= 534 , Nupd= 5475 level= 9
#        nnz(F11)= 220542 rank(F11)= 75        nnz(F12)= 1442534 rank(F12)= 129
#        nnz(F21)= 1432384 rank(F21)= 124        nnz(F22)= 0 / 29975625 rank(F22)= 0
#        91.5892 %compression, time= 1.91496 sec,   factor mem= 529.137 MB, flops= 4.33417e+11
#        total memory: 12560.5 MB,   peak memory: 12748.5 MB
#   - BLR front: Nsep= 705 , Nupd= 5760 level= 10
#        nnz(F11)= 388103 rank(F11)= 101        nnz(F12)= 1832033 rank(F12)= 148
#        nnz(F21)= 1828381 rank(F21)= 142        nnz(F22)= 0 / 33177600 rank(F22)= 0
#        89.0657 %compression, time= 3.24371 sec,   factor mem= 595.618 MB, flops= 9.96379e+11
#        total memory: 15619.3 MB,   peak memory: 16375.5 MB
#   - BLR front: Nsep= 618 , Nupd= 4005 level= 10
#        nnz(F11)= 286134 rank(F11)= 79        nnz(F12)= 1465262 rank(F12)= 125
#        nnz(F21)= 1440675 rank(F21)= 121        nnz(F22)= 0 / 16040025 rank(F22)= 0
#        89.9868 %compression, time= 1.5766 sec,   factor mem= 307.714 MB, flops= 3.26153e+11
#        total memory: 14589.7 MB,   peak memory: 15103.5 MB
#   - HODLR front: Nsep= 11263 Nupd= 0 level= 10
#        nnz(F11)= 3.9813e+06 , nnz(factor(F11))= 4.03629e+06 , rank(F11)= 1 ,
#        nnz(F12)= 0 , rank(F12)= 0 ,  nnz(F21)= 0 , rank(F21)= 0 ,
#        nnz(F22)= 0 , rank(F22)= 0 , 6.32028 %compression, time= 1.95577 sec
#        total memory: 14840.9 MB,   peak memory: 15103.5 MB
#   - BLR front: Nsep= 765 , Nupd= 3168 level= 9
#        nnz(F11)= 389003 rank(F11)= 65        nnz(F12)= 963120 rank(F12)= 88
#        nnz(F21)= 930102 rank(F21)= 85        nnz(F22)= 0 / 10036224 rank(F22)= 0
#        79.6358 %compression, time= 0.90203 sec,   factor mem= 197.095 MB, flops= 2.2274e+11
#        total memory: 12656.6 MB,   peak memory: 12748.5 MB
#   - BLR front: Nsep= 768 , Nupd= 2997 level= 10
#        nnz(F11)= 420864 rank(F11)= 83        nnz(F12)= 1006635 rank(F12)= 96
#        nnz(F21)= 999220 rank(F21)= 96        nnz(F22)= 0 / 8982009 rank(F22)= 0
#        80.4836 %compression, time= 0.896261 sec,   factor mem= 182.54 MB, flops= 2.09374e+11
#        total memory: 15558.5 MB,   peak memory: 15643.4 MB
#   - BLR front: Nsep= 681 , Nupd= 3204 level= 8
#        nnz(F11)= 332669 rank(F11)= 75        nnz(F12)= 942782 rank(F12)= 99
#        nnz(F21)= 912498 rank(F21)= 106        nnz(F22)= 0 / 10265616 rank(F22)= 0
#        82.511 %compression, time= 0.920257 sec,   factor mem= 199.257 MB, flops= 2.06763e+11
#        total memory: 13278 MB,   peak memory: 13737.2 MB
#   - BLR front: Nsep= 630 , Nupd= 4017 level= 11
#        nnz(F11)= 386820 rank(F11)= 151        nnz(F12)= 1539126 rank(F12)= 139
#        nnz(F21)= 1545012 rank(F21)= 137        nnz(F22)= 0 / 16136289 rank(F22)= 0
#        90.797 %compression, time= 1.88586 sec,   factor mem= 313.716 MB, flops= 6.35952e+11
#        total memory: 17132.6 MB,   peak memory: 17220.5 MB
#   - BLR front: Nsep= 600 , Nupd= 2607 level= 10
#        nnz(F11)= 272402 rank(F11)= 78        nnz(F12)= 898159 rank(F12)= 124
#        nnz(F21)= 889822 rank(F21)= 124        nnz(F22)= 0 / 6796449 rank(F22)= 0
#        86.1153 %compression, time= 0.733541 sec,   factor mem= 141.709 MB, flops= 1.67578e+11
#        total memory: 16382.7 MB,   peak memory: 16439.3 MB
#   - BLR front: Nsep= 585 , Nupd= 2862 level= 10
#        nnz(F11)= 305663 rank(F11)= 116        nnz(F12)= 1107949 rank(F12)= 118
#        nnz(F21)= 1095522 rank(F21)= 116        nnz(F22)= 0 / 8191044 rank(F22)= 0
#        90.0551 %compression, time= 1.0102 sec,   factor mem= 171.203 MB, flops= 2.12385e+11
#        total memory: 13664.7 MB,   peak memory: 13979.6 MB
#   - BLR front: Nsep= 864 , Nupd= 2904 level= 9
#        nnz(F11)= 507168 rank(F11)= 80        nnz(F12)= 1220496 rank(F12)= 112
#        nnz(F21)= 1207256 rank(F21)= 118        nnz(F22)= 0 / 8433216 rank(F22)= 0
#        80.0696 %compression, time= 1.17336 sec,   factor mem= 181.89 MB, flops= 2.42587e+11
#        total memory: 13656.3 MB,   peak memory: 13979.6 MB
#   - BLR front: Nsep= 1053 , Nupd= 4458 level= 8
#        nnz(F11)= 719972 rank(F11)= 93        nnz(F12)= 2048962 rank(F12)= 105
#        nnz(F21)= 2038946 rank(F21)= 103        nnz(F22)= 0 / 19873764 rank(F22)= 0
#        81.2668 %compression, time= 2.6045 sec,   factor mem= 394.906 MB, flops= 5.75136e+11
#        total memory: 16446.9 MB,   peak memory: 16613.1 MB
#   - BLR front: Nsep= 738 , Nupd= 3720 level= 9
#        nnz(F11)= 385976 rank(F11)= 79        nnz(F12)= 1080162 rank(F12)= 107
#        nnz(F21)= 1023664 rank(F21)= 111        nnz(F22)= 0 / 13838400 rank(F22)= 0
#        82.1596 %compression, time= 1.14503 sec,   factor mem= 261.251 MB, flops= 2.5056e+11
#        total memory: 17244 MB,   peak memory: 18169.3 MB
#   - BLR front: Nsep= 792 , Nupd= 6888 level= 10
#        nnz(F11)= 514008 rank(F11)= 127        nnz(F12)= 2794352 rank(F12)= 133
#        nnz(F21)= 2770952 rank(F21)= 129        nnz(F22)= 0 / 47444544 rank(F22)= 0
#        90.7455 %compression, time= 5.07313 sec,   factor mem= 856.382 MB, flops= 1.61786e+12
#        total memory: 17949.8 MB,   peak memory: 18135.8 MB
#   - BLR front: Nsep= 678 , Nupd= 5775 level= 10
#        nnz(F11)= 374934 rank(F11)= 108        nnz(F12)= 1867836 rank(F12)= 135
#        nnz(F21)= 1849391 rank(F21)= 132        nnz(F22)= 0 / 33350625 rank(F22)= 0
#        89.9176 %compression, time= 3.07861 sec,   factor mem= 599.085 MB, flops= 1.00575e+12
#        total memory: 18077 MB,   peak memory: 18211.7 MB
#   - BLR front: Nsep= 618 , Nupd= 3177 level= 9
#        nnz(F11)= 281808 rank(F11)= 75        nnz(F12)= 896177 rank(F12)= 92
#        nnz(F21)= 918324 rank(F21)= 98        nnz(F22)= 0 / 10093329 rank(F22)= 0
#        84.6384 %compression, time= 0.912793 sec,   factor mem= 195.034 MB, flops= 1.95745e+11
#        total memory: 14097.6 MB,   peak memory: 14319 MB
#   - BLR front: Nsep= 759 , Nupd= 3819 level= 8
#        nnz(F11)= 370013 rank(F11)= 57        nnz(F12)= 1270843 rank(F12)= 129
#        nnz(F21)= 1201589 rank(F21)= 125        nnz(F22)= 0 / 14584761 rank(F22)= 0
#        83.1527 %compression, time= 1.37115 sec,   factor mem= 278.835 MB, flops= 3.43727e+11
#        total memory: 14352.1 MB,   peak memory: 14616.9 MB
#   - BLR front: Nsep= 834 , Nupd= 6336 level= 10
#        nnz(F11)= 567954 rank(F11)= 133        nnz(F12)= 2595452 rank(F12)= 138
#        nnz(F21)= 2592888 rank(F21)= 139        nnz(F22)= 0 / 40144896 rank(F22)= 0
#        89.2865 %compression, time= 4.37013 sec,   factor mem= 734.419 MB, flops= 1.35951e+12
#        total memory: 20820.8 MB,   peak memory: 21229.2 MB
#   - BLR front: Nsep= 528 , Nupd= 3861 level= 11
#        nnz(F11)= 225456 rank(F11)= 82        nnz(F12)= 1259028 rank(F12)= 119
#        nnz(F21)= 1281689 rank(F21)= 129        nnz(F22)= 0 / 14907321 rank(F22)= 0
#        91.7469 %compression, time= 1.46608 sec,   factor mem= 282.776 MB, flops= 4.15041e+11
#        total memory: 21362.8 MB,   peak memory: 21434.4 MB
#   - BLR front: Nsep= 561 , Nupd= 1971 level= 9
#        nnz(F11)= 228047 rank(F11)= 64        nnz(F12)= 636339 rank(F12)= 109
#        nnz(F21)= 643490 rank(F21)= 109        nnz(F22)= 0 / 3884841 rank(F22)= 0
#        84.1163 %compression, time= 0.455433 sec,   factor mem= 86.2835 MB, flops= 1.05767e+11
#        total memory: 19592.5 MB,   peak memory: 19635.8 MB
#   - BLR front: Nsep= 738 , Nupd= 4719 level= 10
#        nnz(F11)= 469370 rank(F11)= 136        nnz(F12)= 1725285 rank(F12)= 123
#        nnz(F21)= 1733456 rank(F21)= 133        nnz(F22)= 0 / 22268961 rank(F22)= 0
#        87.9721 %compression, time= 2.43196 sec,   factor mem= 419.153 MB, flops= 6.23016e+11
#        total memory: 21743.9 MB,   peak memory: 22075.5 MB
#   - BLR front: Nsep= 1047 , Nupd= 4857 level= 7
#        nnz(F11)= 543527 rank(F11)= 59        nnz(F12)= 2315605 rank(F12)= 119
#        nnz(F21)= 2381312 rank(F21)= 122        nnz(F22)= 0 / 23590449 rank(F22)= 0
#        82.7114 %compression, time= 2.90613 sec,   factor mem= 461.294 MB, flops= 6.91314e+11
#        total memory: 15293.4 MB,   peak memory: 15475.5 MB
#   - BLR front: Nsep= 528 , Nupd= 2241 level= 9
#        nnz(F11)= 200112 rank(F11)= 59        nnz(F12)= 630385 rank(F12)= 92
#        nnz(F21)= 648522 rank(F21)= 105        nnz(F22)= 0 / 5022081 rank(F22)= 0
#        84.7893 %compression, time= 0.475638 sec,   factor mem= 104.018 MB, flops= 9.5555e+10
#        total memory: 15250.7 MB,   peak memory: 15475.5 MB
#   - BLR front: Nsep= 558 , Nupd= 3996 level= 11
#        nnz(F11)= 285138 rank(F11)= 116        nnz(F12)= 1197609 rank(F12)= 115
#        nnz(F21)= 1222654 rank(F21)= 119        nnz(F22)= 0 / 15968016 rank(F22)= 0
#        90.0405 %compression, time= 1.63122 sec,   factor mem= 298.775 MB, flops= 3.78802e+11
#        total memory: 20506.4 MB,   peak memory: 22075.5 MB
#   - BLR front: Nsep= 561 , Nupd= 3078 level= 9
#        nnz(F11)= 220197 rank(F11)= 59        nnz(F12)= 704661 rank(F12)= 99
#        nnz(F21)= 712665 rank(F21)= 92        nnz(F22)= 0 / 9474084 rank(F22)= 0
#        83.9098 %compression, time= 0.675007 sec,   factor mem= 177.786 MB, flops= 1.75501e+11
#        total memory: 19931.9 MB,   peak memory: 19993.4 MB
#   - BLR front: Nsep= 966 , Nupd= 5817 level= 10
#        nnz(F11)= 765074 rank(F11)= 156        nnz(F12)= 3101914 rank(F12)= 155
#        nnz(F21)= 3083866 rank(F21)= 156        nnz(F22)= 0 / 33837489 rank(F22)= 0
#        88.6528 %compression, time= 5.12217 sec,   factor mem= 652.613 MB, flops= 1.50383e+12
#        total memory: 19942.2 MB,   peak memory: 22075.5 MB
#   - BLR front: Nsep= 627 , Nupd= 4170 level= 11
#        nnz(F11)= 329489 rank(F11)= 107        nnz(F12)= 1538073 rank(F12)= 124
#        nnz(F21)= 1513993 rank(F21)= 140        nnz(F22)= 0 / 17388900 rank(F22)= 0
#        90.2623 %compression, time= 2.06809 sec,   factor mem= 332.327 MB, flops= 5.07372e+11
#        total memory: 19900.8 MB,   peak memory: 22075.5 MB
#   - BLR front: Nsep= 642 , Nupd= 3765 level= 9
#        nnz(F11)= 333198 rank(F11)= 101        nnz(F12)= 1492391 rank(F12)= 124
#        nnz(F21)= 1487071 rank(F21)= 125        nnz(F22)= 0 / 14175225 rank(F22)= 0
#        90.0433 %compression, time= 1.52484 sec,   factor mem= 279.806 MB, flops= 3.90449e+11
#        total memory: 15333.1 MB,   peak memory: 15581 MB
#   - BLR front: Nsep= 606 , Nupd= 3954 level= 10
#        nnz(F11)= 310878 rank(F11)= 107        nnz(F12)= 1296833 rank(F12)= 130
#        nnz(F21)= 1290400 rank(F21)= 127        nnz(F22)= 0 / 15634116 rank(F22)= 0
#        89.1247 %compression, time= 1.80637 sec,   factor mem= 296.516 MB, flops= 4.22816e+11
#        total memory: 19948.2 MB,   peak memory: 22075.5 MB
#   - BLR front: Nsep= 810 , Nupd= 8562 level= 9
#        nnz(F11)= 548370 rank(F11)= 137        nnz(F12)= 2984474 rank(F12)= 147
#        nnz(F21)= 2970593 rank(F21)= 143        nnz(F22)= 0 / 73307844 rank(F22)= 0
#        90.8656 %compression, time= 5.18387 sec,   factor mem= 1276.98 MB, flops= 1.30877e+12
#        total memory: 19647.5 MB,   peak memory: 20192.9 MB
#   - BLR front: Nsep= 774 , Nupd= 5409 level= 9
#        nnz(F11)= 510840 rank(F11)= 142        nnz(F12)= 2347504 rank(F12)= 154
#        nnz(F21)= 2354380 rank(F21)= 147        nnz(F22)= 0 / 29257281 rank(F22)= 0
#        90.166 %compression, time= 3.32122 sec,   factor mem= 551.52 MB, flops= 8.88227e+11
#        total memory: 19956.3 MB,   peak memory: 20192.9 MB
#   - BLR front: Nsep= 666 , Nupd= 3039 level= 8
#        nnz(F11)= 300366 rank(F11)= 61        nnz(F12)= 875813 rank(F12)= 103
#        nnz(F21)= 888083 rank(F21)= 116        nnz(F22)= 0 / 9235521 rank(F22)= 0
#        82.3178 %compression, time= 0.790488 sec,   factor mem= 180.797 MB, flops= 2.26007e+11
#        total memory: 19995.2 MB,   peak memory: 20349.7 MB
#   - BLR front: Nsep= 1089 , Nupd= 5865 level= 8
#        nnz(F11)= 842674 rank(F11)= 126        nnz(F12)= 3022523 rank(F12)= 124
#        nnz(F21)= 2955611 rank(F21)= 123        nnz(F22)= 0 / 34398225 rank(F22)= 0
#        85.2371 %compression, time= 4.362 sec,   factor mem= 659.505 MB, flops= 1.02227e+12
#        total memory: 15498.6 MB,   peak memory: 15847.5 MB
#   - BLR front: Nsep= 570 , Nupd= 3384 level= 9
#        nnz(F11)= 230280 rank(F11)= 61        nnz(F12)= 659440 rank(F12)= 87
#        nnz(F21)= 663286 rank(F21)= 88        nnz(F22)= 0 / 11451456 rank(F22)= 0
#        83.18 %compression, time= 0.667903 sec,   factor mem= 208.071 MB, flops= 1.43617e+11
#        total memory: 15768.4 MB,   peak memory: 15847.5 MB
#   - BLR front: Nsep= 1308 , Nupd= 5772 level= 7
#        nnz(F11)= 888786 rank(F11)= 87        nnz(F12)= 4086792 rank(F12)= 133
#        nnz(F21)= 4185899 rank(F21)= 134        nnz(F22)= 0 / 33315984 rank(F22)= 0
#        84.7407 %compression, time= 5.90258 sec,   factor mem= 679.639 MB, flops= 1.36547e+12
#        total memory: 15662.6 MB,   peak memory: 15933.9 MB
#   - HODLR front: Nsep= 13312 Nupd= 0 level= 10
#        nnz(F11)= 5.538e+06 , nnz(factor(F11))= 5.603e+06 , rank(F11)= 1 ,
#        nnz(F12)= 0 , rank(F12)= 0 ,  nnz(F21)= 0 , rank(F21)= 0 ,
#        nnz(F22)= 0 , rank(F22)= 0 , 6.28691 %compression, time= 3.08544 sec
#        total memory: 22534 MB,   peak memory: 22650.6 MB
#   - BLR front: Nsep= 516 , Nupd= 0 level= 14
#        nnz(F11)= 133128 rank(F11)= 0
#        50 %compression, time= 0.00772464 sec,   factor mem= 2.13005 MB, flops= 7.51482e+08
#        total memory: 22367.8 MB,   peak memory: 22650.6 MB
#   - BLR front: Nsep= 933 , Nupd= 3525 level= 8
#        nnz(F11)= 651701 rank(F11)= 117        nnz(F12)= 1382524 rank(F12)= 105
#        nnz(F21)= 1445227 rank(F21)= 120        nnz(F22)= 0 / 12425625 rank(F22)= 0
#        80.0305 %compression, time= 1.39591 sec,   factor mem= 254.481 MB, flops= 3.18959e+11
#        total memory: 16227.2 MB,   peak memory: 17293.9 MB
#   - BLR front: Nsep= 1033 , Nupd= 0 level= 13
#        nnz(F11)= 266773 rank(F11)= 0
#        25.0001 %compression, time= 0.032174 sec,   factor mem= 4.26837 MB, flops= 2.88487e+09
#        total memory: 22409.1 MB,   peak memory: 22650.6 MB
#   - BLR front: Nsep= 540 , Nupd= 2847 level= 9
#        nnz(F11)= 212762 rank(F11)= 64        nnz(F12)= 652486 rank(F12)= 88
#        nnz(F21)= 649255 rank(F21)= 90        nnz(F22)= 0 / 8105409 rank(F22)= 0
#        83.8573 %compression, time= 0.591672 sec,   factor mem= 153.919 MB, flops= 1.05624e+11
#        total memory: 16291.9 MB,   peak memory: 17293.9 MB
#   - BLR front: Nsep= 825 , Nupd= 4119 level= 10
#        nnz(F11)= 586163 rank(F11)= 152        nnz(F12)= 1902164 rank(F12)= 143
#        nnz(F21)= 1895488 rank(F21)= 139        nnz(F22)= 0 / 16966161 rank(F22)= 0
#        87.3455 %compression, time= 2.42499 sec,   factor mem= 341.6 MB, flops= 6.92362e+11
#        total memory: 20495.5 MB,   peak memory: 22075.5 MB
#   - BLR front: Nsep= 2111 , Nupd= 0 level= 12
#        nnz(F11)= 557041 rank(F11)= 0
#        12.5 %compression, time= 0.110131 sec,   factor mem= 8.91266 MB, flops= 2.19293e+10
#        total memory: 20839.3 MB,   peak memory: 23061.5 MB
#   - BLR front: Nsep= 846 , Nupd= 5634 level= 10
#        nnz(F11)= 576126 rank(F11)= 130        nnz(F12)= 1934805 rank(F12)= 146
#        nnz(F21)= 1909682 rank(F21)= 140        nnz(F22)= 0 / 31741956 rank(F22)= 0
#        86.121 %compression, time= 3.06518 sec,   factor mem= 578.601 MB, flops= 8.60641e+11
#        total memory: 21504.5 MB,   peak memory: 22075.5 MB
#   - BLR front: Nsep= 882 , Nupd= 4038 level= 8
#        nnz(F11)= 506268 rank(F11)= 68        nnz(F12)= 1557863 rank(F12)= 111
#        nnz(F21)= 1517146 rank(F21)= 102        nnz(F22)= 0 / 16305444 rank(F22)= 0
#        82.1548 %compression, time= 1.71046 sec,   factor mem= 318.188 MB, flops= 3.18803e+11
#        total memory: 16332.2 MB,   peak memory: 17293.9 MB
#   - BLR front: Nsep= 675 , Nupd= 6066 level= 10
#        nnz(F11)= 395213 rank(F11)= 125        nnz(F12)= 2075677 rank(F12)= 138
#        nnz(F21)= 2067066 rank(F21)= 144        nnz(F22)= 0 / 36796356 rank(F22)= 0
#        90.9624 %compression, time= 3.16051 sec,   factor mem= 661.349 MB, flops= 9.08066e+11
#        total memory: 21037 MB,   peak memory: 22075.5 MB
#   - BLR front: Nsep= 582 , Nupd= 2289 level= 10
#        nnz(F11)= 272376 rank(F11)= 89        nnz(F12)= 581924 rank(F12)= 89
#        nnz(F21)= 556290 rank(F21)= 91        nnz(F22)= 0 / 5239521 rank(F22)= 0
#        80.6794 %compression, time= 0.465886 sec,   factor mem= 106.402 MB, flops= 1.44036e+11
#        total memory: 21001.4 MB,   peak memory: 23061.5 MB
#   - BLR front: Nsep= 896 , Nupd= 0 level= 14
#        nnz(F11)= 401408 rank(F11)= 0
#        50 %compression, time= 0.0263132 sec,   factor mem= 6.42253 MB, flops= 5.73032e+09
#        total memory: 21189 MB,   peak memory: 23061.5 MB
#   - BLR front: Nsep= 819 , Nupd= 4158 level= 8
#        nnz(F11)= 451679 rank(F11)= 72        nnz(F12)= 1570603 rank(F12)= 134
#        nnz(F21)= 1538542 rank(F21)= 122        nnz(F22)= 0 / 17288964 rank(F22)= 0
#        84.1718 %compression, time= 1.94596 sec,   factor mem= 333.597 MB, flops= 4.85237e+11
#        total memory: 21042 MB,   peak memory: 23061.5 MB
#   - BLR front: Nsep= 537 , Nupd= 2760 level= 9
#        nnz(F11)= 207551 rank(F11)= 62        nnz(F12)= 685830 rank(F12)= 99
#        nnz(F21)= 679599 rank(F21)= 104        nnz(F22)= 0 / 7617600 rank(F22)= 0
#        84.5483 %compression, time= 0.572228 sec,   factor mem= 147.049 MB, flops= 1.63394e+11
#        total memory: 21002.1 MB,   peak memory: 23061.5 MB
#   - BLR front: Nsep= 1647 , Nupd= 5256 level= 7
#        nnz(F11)= 1548000 rank(F11)= 154        nnz(F12)= 3967977 rank(F12)= 153
#        nnz(F21)= 3867369 rank(F21)= 148        nnz(F22)= 0 / 27625536 rank(F22)= 0
#        77.6659 %compression, time= 5.62344 sec,   factor mem= 592.142 MB, flops= 1.45535e+12
#        total memory: 20918.9 MB,   peak memory: 23061.5 MB
#   - BLR front: Nsep= 1056 , Nupd= 6249 level= 10
#        nnz(F11)= 899653 rank(F11)= 115        nnz(F12)= 2802309 rank(F12)= 113
#        nnz(F21)= 2780021 rank(F21)= 109        nnz(F22)= 0 / 39050001 rank(F22)= 0
#        85.325 %compression, time= 3.69619 sec,   factor mem= 728.512 MB, flops= 1.25896e+12
#        total memory: 22096.4 MB,   peak memory: 24107.9 MB
#   - BLR front: Nsep= 543 , Nupd= 2490 level= 9
#        nnz(F11)= 212046 rank(F11)= 60        nnz(F12)= 568297 rank(F12)= 100
#        nnz(F21)= 567774 rank(F21)= 101        nnz(F22)= 0 / 6200100 rank(F22)= 0
#        82.054 %compression, time= 0.453592 sec,   factor mem= 120.771 MB, flops= 1.13884e+11
#        total memory: 17763.5 MB,   peak memory: 17812.2 MB
#   - BLR front: Nsep= 846 , Nupd= 5832 level= 9
#        nnz(F11)= 516060 rank(F11)= 95        nnz(F12)= 2122974 rank(F12)= 152
#        nnz(F21)= 2091684 rank(F21)= 145        nnz(F22)= 0 / 34012224 rank(F22)= 0
#        86.876 %compression, time= 3.15752 sec,   factor mem= 619.887 MB, flops= 8.0632e+11
#        total memory: 21572.1 MB,   peak memory: 23061.5 MB
#   - BLR front: Nsep= 921 , Nupd= 3405 level= 8
#        nnz(F11)= 623978 rank(F11)= 109        nnz(F12)= 1477181 rank(F12)= 128
#        nnz(F21)= 1454780 rank(F21)= 123        nnz(F22)= 0 / 11594025 rank(F22)= 0
#        80.9541 %compression, time= 1.47219 sec,   factor mem= 242.399 MB, flops= 4.11513e+11
#        total memory: 21735.6 MB,   peak memory: 23061.5 MB
#   - BLR front: Nsep= 705 , Nupd= 3309 level= 8
#        nnz(F11)= 352853 rank(F11)= 76        nnz(F12)= 1108724 rank(F12)= 101
#        nnz(F21)= 1141798 rank(F21)= 117        nnz(F22)= 0 / 10949481 rank(F22)= 0
#        84.1155 %compression, time= 1.06979 sec,   factor mem= 216.846 MB, flops= 2.91473e+11
#        total memory: 21613 MB,   peak memory: 23061.5 MB
#   - BLR front: Nsep= 543 , Nupd= 6294 level= 9
#        nnz(F11)= 284804 rank(F11)= 127        nnz(F12)= 1865359 rank(F12)= 131
#        nnz(F21)= 1885820 rank(F21)= 129        nnz(F22)= 0 / 39614436 rank(F22)= 0
#        93.3807 %compression, time= 3.1499 sec,   factor mem= 698.407 MB, flops= 8.03191e+11
#        total memory: 22164.7 MB,   peak memory: 23061.5 MB
#   - BLR front: Nsep= 789 , Nupd= 5388 level= 10
#        nnz(F11)= 484841 rank(F11)= 111        nnz(F12)= 2419737 rank(F12)= 129
#        nnz(F21)= 2333876 rank(F21)= 132        nnz(F22)= 0 / 29030544 rank(F22)= 0
#        89.8145 %compression, time= 2.7027 sec,   factor mem= 548.304 MB, flops= 1.00989e+12
#        total memory: 22042.5 MB,   peak memory: 24107.9 MB
#   - BLR front: Nsep= 1044 , Nupd= 4134 level= 8
#        nnz(F11)= 668143 rank(F11)= 78        nnz(F12)= 2402943 rank(F12)= 118
#        nnz(F21)= 2382041 rank(F21)= 126        nnz(F22)= 0 / 17089956 rank(F22)= 0
#        84.0793 %compression, time= 2.83187 sec,   factor mem= 360.689 MB, flops= 6.83836e+11
#        total memory: 18046.1 MB,   peak memory: 18203.3 MB
#   - BLR front: Nsep= 1032 , Nupd= 10371 level= 9
#        nnz(F11)= 772968 rank(F11)= 99        nnz(F12)= 4794657 rank(F12)= 125
#        nnz(F21)= 4716926 rank(F21)= 127        nnz(F22)= 0 / 107557641 rank(F22)= 0
#        90.628 %compression, time= 6.17958 sec,   factor mem= 1885.48 MB, flops= 1.97887e+12
#        total memory: 21895.2 MB,   peak memory: 24107.9 MB
#   - BLR front: Nsep= 1110 , Nupd= 6390 level= 9
#        nnz(F11)= 842401 rank(F11)= 105        nnz(F12)= 2931099 rank(F12)= 127
#        nnz(F21)= 2903218 rank(F21)= 127        nnz(F22)= 0 / 40832100 rank(F22)= 0
#        84.4601 %compression, time= 3.92175 sec,   factor mem= 760.141 MB, flops= 1.42468e+12
#        total memory: 21647 MB,   peak memory: 24107.9 MB
#   - BLR front: Nsep= 1383 , Nupd= 3915 level= 7
#        nnz(F11)= 962212 rank(F11)= 78        nnz(F12)= 2176145 rank(F12)= 110
#        nnz(F21)= 2284186 rank(F21)= 111        nnz(F22)= 0 / 15327225 rank(F22)= 0
#        73.9247 %compression, time= 2.4719 sec,   factor mem= 331.996 MB, flops= 6.30291e+11
#        total memory: 18585.1 MB,   peak memory: 18790.5 MB
#   - BLR front: Nsep= 1209 , Nupd= 9594 level= 9
#        nnz(F11)= 1049157 rank(F11)= 131        nnz(F12)= 4159812 rank(F12)= 138
#        nnz(F21)= 4107279 rank(F21)= 118        nnz(F22)= 0 / 92044836 rank(F22)= 0
#        86.8525 %compression, time= 5.49875 sec,   factor mem= 1621.78 MB, flops= 1.81164e+12
#        total memory: 21446.8 MB,   peak memory: 24107.9 MB
#   - BLR front: Nsep= 1083 , Nupd= 7419 level= 9
#        nnz(F11)= 937089 rank(F11)= 132        nnz(F12)= 3827748 rank(F12)= 124
#        nnz(F21)= 3825099 rank(F21)= 120        nnz(F22)= 0 / 55041561 rank(F22)= 0
#        88.0298 %compression, time= 6.26744 sec,   factor mem= 1018.1 MB, flops= 2.02868e+12
#        total memory: 21234.7 MB,   peak memory: 24107.9 MB
#   - BLR front: Nsep= 570 , Nupd= 2310 level= 9
#        nnz(F11)= 210330 rank(F11)= 44        nnz(F12)= 539010 rank(F12)= 92
#        nnz(F21)= 551994 rank(F21)= 93        nnz(F22)= 0 / 5336100 rank(F22)= 0
#        80.0231 %compression, time= 0.439153 sec,   factor mem= 106.199 MB, flops= 8.26041e+10
#        total memory: 22717.8 MB,   peak memory: 23061.5 MB
#   - BLR front: Nsep= 1179 , Nupd= 5511 level= 8
#        nnz(F11)= 753734 rank(F11)= 83        nnz(F12)= 2819297 rank(F12)= 127
#        nnz(F21)= 2738953 rank(F21)= 129        nnz(F22)= 0 / 30371121 rank(F22)= 0
#        81.9622 %compression, time= 4.11177 sec,   factor mem= 586.93 MB, flops= 1.00231e+12
#        total memory: 22091.9 MB,   peak memory: 23061.5 MB
#   - BLR front: Nsep= 999 , Nupd= 4461 level= 7
#        nnz(F11)= 641870 rank(F11)= 72        nnz(F12)= 1919140 rank(F12)= 128
#        nnz(F21)= 1898908 rank(F21)= 121        nnz(F22)= 0 / 19900521 rank(F22)= 0
#        81.7146 %compression, time= 2.1361 sec,   factor mem= 389.767 MB, flops= 5.13265e+11
#        total memory: 22148.9 MB,   peak memory: 23061.5 MB
#   - BLR front: Nsep= 1227 , Nupd= 5730 level= 9
#        nnz(F11)= 1022434 rank(F11)= 109        nnz(F12)= 2931500 rank(F12)= 136
#        nnz(F21)= 2867160 rank(F21)= 134        nnz(F22)= 0 / 32832900 rank(F22)= 0
#        81.93 %compression, time= 3.67336 sec,   factor mem= 634.464 MB, flops= 1.35569e+12
#        total memory: 23399.5 MB,   peak memory: 24107.9 MB
#   - BLR front: Nsep= 1077 , Nupd= 6663 level= 8
#        nnz(F11)= 760692 rank(F11)= 102        nnz(F12)= 2732467 rank(F12)= 112
#        nnz(F21)= 2784336 rank(F21)= 116        nnz(F22)= 0 / 44395569 rank(F22)= 0
#        84.5854 %compression, time= 4.45831 sec,   factor mem= 810.769 MB, flops= 1.03045e+12
#        total memory: 18696.1 MB,   peak memory: 19122.4 MB
#   - BLR front: Nsep= 870 , Nupd= 9321 level= 9
#        nnz(F11)= 637710 rank(F11)= 149        nnz(F12)= 3510743 rank(F12)= 142
#        nnz(F21)= 3475653 rank(F21)= 143        nnz(F22)= 0 / 86881041 rank(F22)= 0
#        90.9959 %compression, time= 3.2565 sec,   factor mem= 1512.08 MB, flops= 1.24688e+12
#        total memory: 22674.5 MB,   peak memory: 24107.9 MB
#   - HODLR front: Nsep= 8960 Nupd= 0 level= 10
#        nnz(F11)= 2.5375e+06 , nnz(factor(F11))= 2.58125e+06 , rank(F11)= 1 ,
#        nnz(F12)= 0 , rank(F12)= 0 ,  nnz(F21)= 0 , rank(F21)= 0 ,
#        nnz(F22)= 0 , rank(F22)= 0 , 6.37599 %compression, time= 1.06694 sec
#        total memory: 18781.3 MB,   peak memory: 19122.4 MB
#   - BLR front: Nsep= 1161 , Nupd= 5340 level= 7
#        nnz(F11)= 709618 rank(F11)= 87        nnz(F12)= 2903133 rank(F12)= 114
#        nnz(F21)= 3035984 rank(F21)= 123        nnz(F22)= 0 / 28515600 rank(F22)= 0
#        83.2036 %compression, time= 4.10901 sec,   factor mem= 562.629 MB, flops= 9.72647e+11
#        total memory: 18568.9 MB,   peak memory: 19122.4 MB
#   - BLR front: Nsep= 630 , Nupd= 3255 level= 8
#        nnz(F11)= 274682 rank(F11)= 62        nnz(F12)= 984631 rank(F12)= 104
#        nnz(F21)= 1038820 rank(F21)= 104        nnz(F22)= 0 / 10595025 rank(F22)= 0
#        85.4235 %compression, time= 0.972137 sec,   factor mem= 206.291 MB, flops= 2.2449e+11
#        total memory: 22499.5 MB,   peak memory: 23061.5 MB
#   - BLR front: Nsep= 991 , Nupd= 0 level= 13
#        nnz(F11)= 491041 rank(F11)= 0
#        50.0001 %compression, time= 0.0298458 sec,   factor mem= 7.85666 MB, flops= 7.64102e+09
#        total memory: 18651.6 MB,   peak memory: 19122.4 MB
#   - BLR front: Nsep= 984 , Nupd= 10263 level= 8
#        nnz(F11)= 648456 rank(F11)= 85        nnz(F12)= 2726619 rank(F12)= 156
#        nnz(F21)= 2744056 rank(F21)= 155        nnz(F22)= 0 / 105329169 rank(F22)= 0
#        88.1049 %compression, time= 5.30573 sec,   factor mem= 1783.17 MB, flops= 1.30487e+12
#        total memory: 22558.9 MB,   peak memory: 23133.3 MB
#   - BLR front: Nsep= 1215 , Nupd= 8910 level= 9
#        nnz(F11)= 1016046 rank(F11)= 118        nnz(F12)= 4435209 rank(F12)= 129
#        nnz(F21)= 4461072 rank(F21)= 135        nnz(F22)= 0 / 79388100 rank(F22)= 0
#        87.1091 %compression, time= 4.1815 sec,   factor mem= 1428.81 MB, flops= 1.54945e+12
#        total memory: 22713.9 MB,   peak memory: 24107.9 MB
#   - BLR front: Nsep= 531 , Nupd= 2358 level= 10
#        nnz(F11)= 205763 rank(F11)= 63        nnz(F12)= 727198 rank(F12)= 97
#        nnz(F21)= 727714 rank(F21)= 100        nnz(F22)= 0 / 5560164 rank(F22)= 0
#        86.5152 %compression, time= 0.600454 sec,   factor mem= 115.533 MB, flops= 1.65476e+11
#        total memory: 23400.8 MB,   peak memory: 23446.9 MB
#   - BLR front: Nsep= 1302 , Nupd= 8934 level= 9
#        nnz(F11)= 1053901 rank(F11)= 102        nnz(F12)= 4009859 rank(F12)= 136
#        nnz(F21)= 3984228 rank(F21)= 129        nnz(F22)= 0 / 79816356 rank(F22)= 0
#        84.8139 %compression, time= 2.3853 sec,   factor mem= 1421.83 MB, flops= 8.147e+11
#        total memory: 27177.3 MB,   peak memory: 27584.7 MB
#   - BLR front: Nsep= 612 , Nupd= 7776 level= 8
#        nnz(F11)= 290700 rank(F11)= 86        nnz(F12)= 1875164 rank(F12)= 111
#        nnz(F21)= 1863042 rank(F21)= 117        nnz(F22)= 0 / 60466176 rank(F22)= 0
#        91.6663 %compression, time= 2.46778 sec,   factor mem= 1031.92 MB, flops= 6.08301e+11
#        total memory: 25156.4 MB,   peak memory: 25314.3 MB
#   - BLR front: Nsep= 990 , Nupd= 4257 level= 7
#        nnz(F11)= 633600 rank(F11)= 74        nnz(F12)= 1767719 rank(F12)= 118
#        nnz(F21)= 1731662 rank(F21)= 113        nnz(F22)= 0 / 18122049 rank(F22)= 0
#        80.8362 %compression, time= 1.40507 sec,   factor mem= 356.08 MB, flops= 3.79376e+11
#        total memory: 23764 MB,   peak memory: 25576.5 MB
#   - BLR front: Nsep= 564 , Nupd= 5397 level= 10
#        nnz(F11)= 261696 rank(F11)= 93        nnz(F12)= 1621570 rank(F12)= 124
#        nnz(F21)= 1642855 rank(F21)= 122        nnz(F22)= 0 / 29127609 rank(F22)= 0
#        91.8956 %compression, time= 2.01222 sec,   factor mem= 522.46 MB, flops= 4.84001e+11
#        total memory: 19051.7 MB,   peak memory: 19326.3 MB
#   - BLR front: Nsep= 1416 , Nupd= 6075 level= 7
#        nnz(F11)= 1268734 rank(F11)= 131        nnz(F12)= 4014122 rank(F12)= 118
#        nnz(F21)= 3976220 rank(F21)= 111        nnz(F22)= 0 / 36905625 rank(F22)= 0
#        82.2679 %compression, time= 6.03718 sec,   factor mem= 738.635 MB, flops= 1.411e+12
#        total memory: 18915.9 MB,   peak memory: 19326.3 MB
#   - BLR front: Nsep= 1221 , Nupd= 6198 level= 8
#        nnz(F11)= 789722 rank(F11)= 94        nnz(F12)= 2799218 rank(F12)= 102
#        nnz(F21)= 2844803 rank(F21)= 103        nnz(F22)= 0 / 38415204 rank(F22)= 0
#        81.482 %compression, time= 3.0932 sec,   factor mem= 717.583 MB, flops= 7.52647e+11
#        total memory: 23519.2 MB,   peak memory: 25576.5 MB
#   - BLR front: Nsep= 753 , Nupd= 3111 level= 8
#        nnz(F11)= 398714 rank(F11)= 77        nnz(F12)= 1087620 rank(F12)= 105
#        nnz(F21)= 1103439 rank(F21)= 105        nnz(F22)= 0 / 9678321 rank(F22)= 0
#        82.168 %compression, time= 1.00354 sec,   factor mem= 196.29 MB, flops= 1.98038e+11
#        total memory: 21909.7 MB,   peak memory: 21994.4 MB
#   - BLR front: Nsep= 669 , Nupd= 3411 level= 9
#        nnz(F11)= 340187 rank(F11)= 90        nnz(F12)= 1049621 rank(F12)= 113
#        nnz(F21)= 1028565 rank(F21)= 114        nnz(F22)= 0 / 11634921 rank(F22)= 0
#        84.4224 %compression, time= 1.03073 sec,   factor mem= 224.853 MB, flops= 2.47421e+11
#        total memory: 23154.9 MB,   peak memory: 25611.9 MB
#   - HODLR front: Nsep= 98304 Nupd= 0 level= 7
#        nnz(F11)= 3.84e+07 , nnz(factor(F11))= 3.9168e+07 , rank(F11)= 1 ,
#        nnz(F12)= 0 , rank(F12)= 0 ,  nnz(F21)= 0 , rank(F21)= 0 ,
#        nnz(F22)= 0 , rank(F22)= 0 , 0.802676 %compression, time= 22.4564 sec
#        total memory: 21900.9 MB,   peak memory: 22860.6 MB
#   - BLR front: Nsep= 2100 , Nupd= 4317 level= 7
#        nnz(F11)= 2235865 rank(F11)= 86        nnz(F12)= 3815544 rank(F12)= 119
#        nnz(F21)= 4152024 rank(F21)= 128        nnz(F22)= 0 / 18636489 rank(F22)= 0
#        70.0374 %compression, time= 4.10534 sec,   factor mem= 461.439 MB, flops= 1.1311e+12
#        total memory: 23117.1 MB,   peak memory: 25611.9 MB
#   - BLR front: Nsep= 1425 , Nupd= 5304 level= 7
#        nnz(F11)= 1018277 rank(F11)= 95        nnz(F12)= 3748501 rank(F12)= 131
#        nnz(F21)= 3835166 rank(F21)= 129        nnz(F22)= 0 / 28132416 rank(F22)= 0
#        81.1281 %compression, time= 5.06661 sec,   factor mem= 587.75 MB, flops= 1.2868e+12
#        total memory: 22067 MB,   peak memory: 22860.6 MB
#   - BLR front: Nsep= 1110 , Nupd= 3945 level= 8
#        nnz(F11)= 647118 rank(F11)= 67        nnz(F12)= 1776421 rank(F12)= 106
#        nnz(F21)= 1840271 rank(F21)= 100        nnz(F22)= 0 / 15563025 rank(F22)= 0
#        77.591 %compression, time= 1.91061 sec,   factor mem= 317.229 MB, flops= 7.04216e+11
#        total memory: 23285.6 MB,   peak memory: 25611.9 MB
#   - BLR front: Nsep= 621 , Nupd= 2439 level= 9
#        nnz(F11)= 263619 rank(F11)= 59        nnz(F12)= 557476 rank(F12)= 79
#        nnz(F21)= 540684 rank(F21)= 77        nnz(F22)= 0 / 5948721 rank(F22)= 0
#        78.0736 %compression, time= 0.460761 sec,   factor mem= 116.968 MB, flops= 1.17668e+11
#        total memory: 22283.8 MB,   peak memory: 22860.6 MB
#   - BLR front: Nsep= 1878 , Nupd= 4935 level= 6
#        nnz(F11)= 2027453 rank(F11)= 149        nnz(F12)= 4072038 rank(F12)= 154
#        nnz(F21)= 3996907 rank(F21)= 162        nnz(F22)= 0 / 24354225 rank(F22)= 0
#        74.2199 %compression, time= 3.46125 sec,   factor mem= 551.21 MB, flops= 1.14047e+12
#        total memory: 23035.5 MB,   peak memory: 25611.9 MB
#   - BLR front: Nsep= 2589 , Nupd= 3555 level= 6
#        nnz(F11)= 3543809 rank(F11)= 133        nnz(F12)= 4189098 rank(F12)= 139
#        nnz(F21)= 4487350 rank(F21)= 125        nnz(F22)= 0 / 12638025 rank(F22)= 0
#        65.852 %compression, time= 6.09207 sec,   factor mem= 397.733 MB, flops= 1.53977e+12
#        total memory: 22289.1 MB,   peak memory: 22860.6 MB
#   - BLR front: Nsep= 804 , Nupd= 4185 level= 9
#        nnz(F11)= 516168 rank(F11)= 123        nnz(F12)= 1874000 rank(F12)= 131
#        nnz(F21)= 1899139 rank(F21)= 151        nnz(F22)= 0 / 17514225 rank(F22)= 0
#        87.5991 %compression, time= 2.02042 sec,   factor mem= 348.857 MB, flops= 4.84198e+11
#        total memory: 22333.7 MB,   peak memory: 22860.6 MB
#   - BLR front: Nsep= 1941 , Nupd= 15978 level= 8
#        nnz(F11)= 2253074 rank(F11)= 154        nnz(F12)= 10419880 rank(F12)= 159
#        nnz(F21)= 10377871 rank(F21)= 167        nnz(F22)= 0 / 255296484 rank(F22)= 0
#        86.6881 %compression, time= 6.61757 sec,   factor mem= 4453.56 MB, flops= 2.19296e+12
#        total memory: 24859.5 MB,   peak memory: 32599.6 MB
#   - BLR front: Nsep= 2127 , Nupd= 4935 level= 7
#        nnz(F11)= 2108518 rank(F11)= 92        nnz(F12)= 3752589 rank(F12)= 98
#        nnz(F21)= 3689322 rank(F21)= 91        nnz(F22)= 0 / 24354225 rank(F22)= 0
#        67.9836 %compression, time= 4.3327 sec,   factor mem= 542.474 MB, flops= 1.51783e+12
#        total memory: 22948.6 MB,   peak memory: 25611.9 MB
#   - HODLR front: Nsep= 10496 Nupd= 0 level= 10
#        nnz(F11)= 3.4645e+06 , nnz(factor(F11))= 3.51575e+06 , rank(F11)= 1 ,
#        nnz(F12)= 0 , rank(F12)= 0 ,  nnz(F21)= 0 , rank(F21)= 0 ,
#        nnz(F22)= 0 , rank(F22)= 0 , 6.33612 %compression, time= 1.53109 sec
#        total memory: 22567.6 MB,   peak memory: 22957.8 MB
#   - BLR front: Nsep= 2112 , Nupd= 10515 level= 7
#        nnz(F11)= 2624688 rank(F11)= 131        nnz(F12)= 8006476 rank(F12)= 128
#        nnz(F21)= 8331223 rank(F21)= 122        nnz(F22)= 0 / 110565225 rank(F22)= 0
#        81.2385 %compression, time= 5.73141 sec,   factor mem= 2072.44 MB, flops= 1.90317e+12
#        total memory: 22190 MB,   peak memory: 25611.9 MB
#   - BLR front: Nsep= 549 , Nupd= 2463 level= 10
#        nnz(F11)= 219326 rank(F11)= 63        nnz(F12)= 762851 rank(F12)= 107
#        nnz(F21)= 774282 rank(F21)= 115        nnz(F22)= 0 / 6066369 rank(F22)= 0
#        86.2291 %compression, time= 0.572006 sec,   factor mem= 125.165 MB, flops= 1.31347e+11
#        total memory: 22908.8 MB,   peak memory: 22957.8 MB
#   - BLR front: Nsep= 1296 , Nupd= 8517 level= 7
#        nnz(F11)= 906552 rank(F11)= 112        nnz(F12)= 4391614 rank(F12)= 143
#        nnz(F21)= 4414448 rank(F21)= 124        nnz(F22)= 0 / 72539289 rank(F22)= 0
#        85.4166 %compression, time= 5.18839 sec,   factor mem= 1316.03 MB, flops= 1.78292e+12
#        total memory: 22835.7 MB,   peak memory: 25611.9 MB
#   - BLR front: Nsep= 1971 , Nupd= 3285 level= 7
#        nnz(F11)= 1817787 rank(F11)= 97        nnz(F12)= 2835795 rank(F12)= 118
#        nnz(F21)= 2964989 rank(F21)= 133        nnz(F22)= 0 / 10791225 rank(F22)= 0
#        66.6405 %compression, time= 1.97326 sec,   factor mem= 294.557 MB, flops= 7.71338e+11
#        total memory: 22581.4 MB,   peak memory: 25611.9 MB
#   - BLR front: Nsep= 795 , Nupd= 7815 level= 9
#        nnz(F11)= 516353 rank(F11)= 127        nnz(F12)= 2884519 rank(F12)= 147
#        nnz(F21)= 2930308 rank(F21)= 136        nnz(F22)= 0 / 61074225 rank(F22)= 0
#        90.9261 %compression, time= 5.05059 sec,   factor mem= 1078.49 MB, flops= 1.27118e+12
#        total memory: 22952.3 MB,   peak memory: 23161.3 MB
#   - BLR front: Nsep= 2463 , Nupd= 4599 level= 6
#        nnz(F11)= 3759951 rank(F11)= 150        nnz(F12)= 5145302 rank(F12)= 133
#        nnz(F21)= 5371178 rank(F21)= 134        nnz(F22)= 0 / 21150801 rank(F22)= 0
#        71.0365 %compression, time= 3.24736 sec,   factor mem= 566.836 MB, flops= 1.24194e+12
#        total memory: 22837.6 MB,   peak memory: 25611.9 MB
#   - BLR front: Nsep= 1878 , Nupd= 5991 level= 7
#        nnz(F11)= 1662023 rank(F11)= 94        nnz(F12)= 3381747 rank(F12)= 132
#        nnz(F21)= 3455668 rank(F21)= 124        nnz(F22)= 0 / 35892081 rank(F22)= 0
#        71.6904 %compression, time= 5.06078 sec,   factor mem= 710.264 MB, flops= 1.28603e+12
#        total memory: 22896.5 MB,   peak memory: 23423 MB
#   - BLR front: Nsep= 1764 , Nupd= 11691 level= 8
#        nnz(F11)= 2006550 rank(F11)= 157        nnz(F12)= 7936076 rank(F12)= 161
#        nnz(F21)= 7948639 rank(F21)= 156        nnz(F22)= 0 / 136679481 rank(F22)= 0
#        85.3807 %compression, time= 6.78832 sec,   factor mem= 2473.13 MB, flops= 2.50514e+12
#        total memory: 24472.7 MB,   peak memory: 32599.6 MB
#   - BLR front: Nsep= 513 , Nupd= 1947 level= 10
#        nnz(F11)= 182885 rank(F11)= 51        nnz(F12)= 525612 rank(F12)= 108
#        nnz(F21)= 525722 rank(F21)= 112        nnz(F22)= 0 / 3790809 rank(F22)= 0
#        83.0364 %compression, time= 0.383717 sec,   factor mem= 80.4004 MB, flops= 6.21806e+10
#        total memory: 23443.8 MB,   peak memory: 24443.9 MB
#   - BLR front: Nsep= 1026 , Nupd= 4773 level= 8
#        nnz(F11)= 571439 rank(F11)= 71        nnz(F12)= 2372579 rank(F12)= 104
#        nnz(F21)= 2398526 rank(F21)= 106        nnz(F22)= 0 / 22781529 rank(F22)= 0
#        83.6319 %compression, time= 2.86557 sec,   factor mem= 449.985 MB, flops= 5.97024e+11
#        total memory: 23655.7 MB,   peak memory: 24443.9 MB
#   - BLR front: Nsep= 2007 , Nupd= 10590 level= 8
#        nnz(F11)= 2059679 rank(F11)= 122        nnz(F12)= 5817320 rank(F12)= 162
#        nnz(F21)= 5852489 rank(F21)= 167        nnz(F22)= 0 / 112148100 rank(F22)= 0
#        79.3257 %compression, time= 7.31413 sec,   factor mem= 2014.04 MB, flops= 2.84911e+12
#        total memory: 23951.7 MB,   peak memory: 32599.6 MB
#   - BLR front: Nsep= 558 , Nupd= 4023 level= 9
#        nnz(F11)= 246078 rank(F11)= 87        nnz(F12)= 1277063 rank(F12)= 123
#        nnz(F21)= 1263323 rank(F21)= 122        nnz(F22)= 0 / 16184529 rank(F22)= 0
#        90.4002 %compression, time= 1.40995 sec,   factor mem= 303.536 MB, flops= 2.86243e+11
#        total memory: 23710.9 MB,   peak memory: 24443.9 MB
#   - BLR front: Nsep= 642 , Nupd= 3096 level= 9
#        nnz(F11)= 290186 rank(F11)= 68        nnz(F12)= 935202 rank(F12)= 110
#        nnz(F21)= 957350 rank(F21)= 116        nnz(F22)= 0 / 9585216 rank(F22)= 0
#        84.2214 %compression, time= 0.804389 sec,   factor mem= 188.287 MB, flops= 2.01464e+11
#        total memory: 23656.3 MB,   peak memory: 24443.9 MB
#   - BLR front: Nsep= 640 , Nupd= 0 level= 14
#        nnz(F11)= 204800 rank(F11)= 0
#        50 %compression, time= 0.0162126 sec,   factor mem= 3.2768 MB, flops= 2.05942e+09
#        total memory: 24207.9 MB,   peak memory: 24446.2 MB
#   - BLR front: Nsep= 2067 , Nupd= 12477 level= 8
#        nnz(F11)= 3079919 rank(F11)= 128        nnz(F12)= 12673714 rank(F12)= 127
#        nnz(F21)= 12620889 rank(F21)= 128        nnz(F22)= 0 / 155675529 rank(F22)= 0
#        87.0098 %compression, time= 9.06307 sec,   factor mem= 2944.8 MB, flops= 3.46534e+12
#        total memory: 25195.1 MB,   peak memory: 32599.6 MB
#   - BLR front: Nsep= 2619 , Nupd= 6534 level= 6
#        nnz(F11)= 4012600 rank(F11)= 125        nnz(F12)= 7256098 rank(F12)= 142
#        nnz(F21)= 7104626 rank(F21)= 142        nnz(F22)= 0 / 42693156 rank(F22)= 0
#        72.8913 %compression, time= 2.91925 sec,   factor mem= 977.064 MB, flops= 1.073e+12
#        total memory: 21597.8 MB,   peak memory: 25611.9 MB
#   - BLR front: Nsep= 2640 , Nupd= 10107 level= 6
#        nnz(F11)= 4201913 rank(F11)= 163        nnz(F12)= 9480359 rank(F12)= 140
#        nnz(F21)= 9243663 rank(F21)= 124        nnz(F22)= 0 / 102151449 rank(F22)= 0
#        76.9773 %compression, time= 3.79217 sec,   factor mem= 2001.24 MB, flops= 1.37987e+12
#        total memory: 22047.8 MB,   peak memory: 25611.9 MB
#   - BLR front: Nsep= 714 , Nupd= 4254 level= 7
#        nnz(F11)= 319158 rank(F11)= 47        nnz(F12)= 1067314 rank(F12)= 86
#        nnz(F21)= 1006700 rank(F21)= 87        nnz(F22)= 0 / 18096516 rank(F22)= 0
#        83.018 %compression, time= 1.23997 sec,   factor mem= 327.835 MB, flops= 2.53391e+11
#        total memory: 25204.5 MB,   peak memory: 25828.5 MB
#   - HODLR front: Nsep= 94208 Nupd= 0 level= 7
#        nnz(F11)= 3.5328e+07 , nnz(factor(F11))= 3.6064e+07 , rank(F11)= 1 ,
#        nnz(F12)= 0 , rank(F12)= 0 ,  nnz(F21)= 0 , rank(F21)= 0 ,
#        nnz(F22)= 0 , rank(F22)= 0 , 0.804404 %compression, time= 19.0335 sec
#        total memory: 26268 MB,   peak memory: 27163.7 MB
#   - BLR front: Nsep= 531 , Nupd= 1875 level= 10
#        nnz(F11)= 208949 rank(F11)= 64        nnz(F12)= 675367 rank(F12)= 115
#        nnz(F21)= 669089 rank(F21)= 115        nnz(F22)= 0 / 3515625 rank(F22)= 0
#        87.5656 %compression, time= 0.466362 sec,   factor mem= 81.1045 MB, flops= 2.64653e+11
#        total memory: 26343.7 MB,   peak memory: 27163.7 MB
#   - BLR front: Nsep= 861 , Nupd= 4689 level= 8
#        nnz(F11)= 466232 rank(F11)= 57        nnz(F12)= 1613740 rank(F12)= 102
#        nnz(F21)= 1562927 rank(F21)= 101        nnz(F22)= 0 / 21986721 rank(F22)= 0
#        83.2063 %compression, time= 1.941 sec,   factor mem= 410.074 MB, flops= 5.56467e+11
#        total memory: 26502.6 MB,   peak memory: 27163.7 MB
#   - BLR front: Nsep= 2247 , Nupd= 6927 level= 5
#        nnz(F11)= 3297600 rank(F11)= 134        nnz(F12)= 5724097 rank(F12)= 128
#        nnz(F21)= 5334343 rank(F21)= 131        nnz(F22)= 0 / 47983329 rank(F22)= 0
#        74.0704 %compression, time= 1.66071 sec,   factor mem= 997.43 MB, flops= 5.30062e+11
#        total memory: 23384.6 MB,   peak memory: 25611.9 MB
#   - BLR front: Nsep= 645 , Nupd= 3000 level= 9
#        nnz(F11)= 357653 rank(F11)= 120        nnz(F12)= 1030528 rank(F12)= 113
#        nnz(F21)= 1044612 rank(F21)= 115        nnz(F22)= 0 / 9000000 rank(F22)= 0
#        86.0513 %compression, time= 0.927153 sec,   factor mem= 182.925 MB, flops= 2.10651e+11
#        total memory: 27372.5 MB,   peak memory: 27441.5 MB
#   - HODLR front: Nsep= 48128 Nupd= 0 level= 8
#        nnz(F11)= 1.833e+07 , nnz(factor(F11))= 1.8659e+07 , rank(F11)= 1 ,
#        nnz(F12)= 0 , rank(F12)= 0 ,  nnz(F21)= 0 , rank(F21)= 0 ,
#        nnz(F22)= 0 , rank(F22)= 0 , 1.5969 %compression, time= 9.90887 sec
#        total memory: 28120.2 MB,   peak memory: 28559.8 MB
#   - BLR front: Nsep= 790 , Nupd= 0 level= 13
#        nnz(F11)= 312050 rank(F11)= 0
#        50 %compression, time= 0.0180144 sec,   factor mem= 4.9928 MB, flops= 3.86778e+09
#        total memory: 28237.4 MB,   peak memory: 28559.8 MB
#   - BLR front: Nsep= 618 , Nupd= 3273 level= 8
#        nnz(F11)= 256470 rank(F11)= 54        nnz(F12)= 801360 rank(F12)= 101
#        nnz(F21)= 800795 rank(F21)= 96        nnz(F22)= 0 / 10712529 rank(F22)= 0
#        83.0334 %compression, time= 0.73146 sec,   factor mem= 201.138 MB, flops= 2.38298e+11
#        total memory: 28684.1 MB,   peak memory: 28756.3 MB
#   - BLR front: Nsep= 3840 , Nupd= 0 level= 11
#        nnz(F11)= 1843200 rank(F11)= 0
#        12.5 %compression, time= 0.321309 sec,   factor mem= 29.4912 MB, flops= 7.86696e+10
#        total memory: 28673.2 MB,   peak memory: 28972.3 MB
#   - BLR front: Nsep= 1512 , Nupd= 11619 level= 5
#        nnz(F11)= 1550634 rank(F11)= 153        nnz(F12)= 7427959 rank(F12)= 145
#        nnz(F21)= 7278718 rank(F21)= 137        nnz(F22)= 0 / 135001161 rank(F22)= 0
#        87.7251 %compression, time= 2.47941 sec,   factor mem= 2420.14 MB, flops= 9.21327e+11
#        total memory: 21073.1 MB,   peak memory: 25611.9 MB
#   - BLR front: Nsep= 756 , Nupd= 9345 level= 8
#        nnz(F11)= 407486 rank(F11)= 84        nnz(F12)= 2199119 rank(F12)= 129
#        nnz(F21)= 2357903 rank(F21)= 130        nnz(F22)= 0 / 87329025 rank(F22)= 0
#        90.4571 %compression, time= 4.37189 sec,   factor mem= 1476.7 MB, flops= 1.17259e+12
#        total memory: 29375.5 MB,   peak memory: 29706.1 MB
#   - BLR front: Nsep= 549 , Nupd= 1707 level= 9
#        nnz(F11)= 207801 rank(F11)= 53        nnz(F12)= 420272 rank(F12)= 98
#        nnz(F21)= 413522 rank(F21)= 100        nnz(F22)= 0 / 2913849 rank(F22)= 0
#        77.7172 %compression, time= 0.337718 sec,   factor mem= 63.2871 MB, flops= 1.07022e+11
#        total memory: 31459.7 MB,   peak memory: 31655.1 MB
#   - BLR front: Nsep= 784 , Nupd= 0 level= 14
#        nnz(F11)= 307328 rank(F11)= 0
#        50 %compression, time= 0.0167827 sec,   factor mem= 4.91725 MB, flops= 4.42213e+09
#        total memory: 29671.3 MB,   peak memory: 31655.1 MB
#   - BLR front: Nsep= 784 , Nupd= 0 level= 14
#        nnz(F11)= 307328 rank(F11)= 0
#        50 %compression, time= 0.016641 sec,   factor mem= 4.91725 MB, flops= 3.59535e+09
#        total memory: 29709.5 MB,   peak memory: 31655.1 MB
#   - BLR front: Nsep= 2004 , Nupd= 7791 level= 6
#        nnz(F11)= 2339670 rank(F11)= 155        nnz(F12)= 6880766 rank(F12)= 147
#        nnz(F21)= 6994960 rank(F21)= 142        nnz(F22)= 0 / 60699681 rank(F22)= 0
#        80.1683 %compression, time= 12.4396 sec,   factor mem= 1230.64 MB, flops= 3.08539e+12
#        total memory: 29417.1 MB,   peak memory: 31655.1 MB
#   - BLR front: Nsep= 3984 , Nupd= 14193 level= 7
#        nnz(F11)= 6865899 rank(F11)= 167        nnz(F12)= 17332715 rank(F12)= 167
#        nnz(F21)= 16856657 rank(F21)= 155        nnz(F22)= 0 / 201441249 rank(F22)= 0
#        73.3941 %compression, time= 5.55377 sec,   factor mem= 3879.94 MB, flops= 1.82651e+12
#        total memory: 28849.1 MB,   peak memory: 35008.6 MB
#   - BLR front: Nsep= 3072 , Nupd= 0 level= 12
#        nnz(F11)= 1179648 rank(F11)= 0
#        12.5 %compression, time= 0.213898 sec,   factor mem= 18.8744 MB, flops= 4.14547e+10
#        total memory: 29993.3 MB,   peak memory: 31655.1 MB
#   - BLR front: Nsep= 813 , Nupd= 3489 level= 8
#        nnz(F11)= 444305 rank(F11)= 71        nnz(F12)= 1241971 rank(F12)= 105
#        nnz(F21)= 1222647 rank(F21)= 109        nnz(F22)= 0 / 12173121 rank(F22)= 0
#        81.4928 %compression, time= 1.28675 sec,   factor mem= 241.313 MB, flops= 2.98605e+11
#        total memory: 31128.3 MB,   peak memory: 31655.1 MB
#   - BLR front: Nsep= 556 , Nupd= 0 level= 14
#        nnz(F11)= 154568 rank(F11)= 0
#        50 %compression, time= 0.00829195 sec,   factor mem= 2.47309 MB, flops= 1.41127e+09
#        total memory: 30711.4 MB,   peak memory: 31655.1 MB
#   - BLR front: Nsep= 1116 , Nupd= 0 level= 13
#        nnz(F11)= 311364 rank(F11)= 0
#        25 %compression, time= 0.027173 sec,   factor mem= 4.98182 MB, flops= 1.31872e+10
#        total memory: 30760.9 MB,   peak memory: 31655.1 MB
#   - BLR front: Nsep= 3051 , Nupd= 12366 level= 4
#        nnz(F11)= 4400198 rank(F11)= 145        nnz(F12)= 11609532 rank(F12)= 149
#        nnz(F21)= 11762527 rank(F21)= 153        nnz(F22)= 0 / 152917956 rank(F22)= 0
#        76.0212 %compression, time= 3.20109 sec,   factor mem= 2891.04 MB, flops= 9.76963e+11
#        total memory: 21036.4 MB,   peak memory: 25611.9 MB
#   - BLR front: Nsep= 657 , Nupd= 2955 level= 8
#        nnz(F11)= 283496 rank(F11)= 54        nnz(F12)= 894847 rank(F12)= 110
#        nnz(F21)= 909694 rank(F21)= 109        nnz(F22)= 0 / 8732025 rank(F22)= 0
#        82.9343 %compression, time= 0.78406 sec,   factor mem= 173.121 MB, flops= 2.12934e+11
#        total memory: 31245 MB,   peak memory: 31655.1 MB
#   - BLR front: Nsep= 645 , Nupd= 2331 level= 8
#        nnz(F11)= 294443 rank(F11)= 70        nnz(F12)= 617813 rank(F12)= 81
#        nnz(F21)= 635060 rank(F21)= 96        nnz(F22)= 0 / 5433561 rank(F22)= 0
#        78.8214 %compression, time= 0.489398 sec,   factor mem= 111.694 MB, flops= 1.19126e+11
#        total memory: 31522.4 MB,   peak memory: 31655.1 MB
13800914, 13441296, 9734181, 12682590, 8590606, 13210278, 13104207, 8690671, 13304583, 8607651, 8923888, 9021449, 8875254, 8893770, 8960543, 8662830, 8540052, 12771579, 12571182, 8831918, 8744721, 13476675, 8841432, 8916248, 13906338, 8684460, 9032538, 8832859, 8895834, 13097181, 9040389, 12626103, 13686111, 12847188, 13142493, 10834608, 13281540, 13754697, 9475357, 11573172, 8662405, 9204064, 8740887, 8970282, 10067337, 9736167, 13981242, 8823696, 12272541, 8946378, 9321810, 9134253, 10434222, 8571351, 8809065, 8614314, 9051813, 9844435, 8917603, 8839143, 10602782, 14168601, 12667176, 12822183, 14099229, 13460151, 13366974, 13463724, 8642619, 13208253, 8904081, 8922922, 8989761, 12778617, 13065879, 8651262, 8567970, 13973430, 8509467, 8763726, 9357726, 8938878, 8822061, 8690664, 8883663, 10262640, 10061814, 8962239, 9181119, 9045813, 8686245, 8712843, 8969589, 12423717, 12925074, 9004818, 9700221, 13098159, 14509824, 8900191, 13192092, 8734486, 13069521, 8566672, 10421526, 13577088, 9500340, 8839038, 8950893, 8605060, 13551963, 8733247, 11115657, 10960434, 13574898, 8564373, 8663269, 8829204, 9200712, 8957289, 9060780, 13351869, 9147516, 8769514, 13745955, 